#
# A fatal error has been detected by the Java Runtime Environment:
#
#  SIGSEGV (0xb) at pc=0x0000000138977810, pid=9435, tid=0x0000000000001903
#
# JRE version: OpenJDK Runtime Environment (Zulu 8.66.0.15-CA-macos-aarch64) (8.0_352-b08) (build 1.8.0_352-b08)
# Java VM: OpenJDK 64-Bit Server VM (25.352-b08 mixed mode bsd-aarch64 compressed oops)
# Problematic frame:
# C  [libLLVM.dylib+0x277810]  llvm::LLVMContext::shouldDiscardValueNames() const+0x0
#
# Failed to write core dump. Core dumps have been disabled. To enable core dumping, try "ulimit -c unlimited" before starting Java again
#
# If you would like to submit a bug report, please visit:
#   http://www.azul.com/support/
# The crash happened outside the Java Virtual Machine in native code.
# See problematic frame for where to report the bug.
#

---------------  T H R E A D  ---------------

Current thread (0x000000014a011000):  JavaThread "main" [_thread_in_native, id=6403, stack(0x000000016b5c0000,0x000000016b7c3000)]

siginfo: si_signo: 11 (SIGSEGV), si_code: 2 (SEGV_ACCERR), si_addr: 0x0000000000000008

Registers:
 x0=0x0000000000000008  x1=0x000000016b7c1e08  x2=0x000000016b7c1e08  x3=0x0000600000957080
 x4=0x00006000009570a8  x5=0x0000000000000000  x6=0x0000000000000001  x7=0x0000000000000000
 x8=0x0000000148b70608  x9=0x0000600003232158 x10=0x0000600003232128 x11=0x0000600003230000
x12=0x0000000000000080 x13=0x00000000ffffffc2 x14=0x00000000000007fb x15=0x000000009141effb
x16=0x0000000138898494 x17=0x00000001e0b091d0 x18=0x0000000000000000 x19=0x0000600003232140
x20=0x0000600003232140 x21=0x0000000000000000 x22=0x000000016b7c1e08 x23=0x0000600003876180
x24=0x0000000000000001 x25=0x000000011a5a7000 x26=0x00000001175ce0f8 x27=0x0000000000000000
x28=0x000000014a011000  fp=0x000000016b7c1dd0  lr=0x00000001389cdc08  sp=0x000000016b7c1c80
pc=0x0000000138977810 cpsr=0x0000000060001000
Top of Stack: (sp=0x000000016b7c1c80)
0x000000016b7c1c80:   000000014a011000 00000001176a8d78
0x000000016b7c1c90:   000000016b7c1e20 0000000105a00450
0x000000016b7c1ca0:   000000016b7c1cd0 00000001056f85cc
0x000000016b7c1cb0:   0000000180969120 000000004a011000
0x000000016b7c1cc0:   0000000000000000 0000000180969120
0x000000016b7c1cd0:   000000014a011000 00000001175959f0
0x000000016b7c1ce0:   000000016b7c1e60 0000000105a01b6c
0x000000016b7c1cf0:   000000016b7c0100 0000000148604cb0
0x000000016b7c1d00:   0000600003f5e7b0 000000000000016e
0x000000016b7c1d10:   000000014a011000 00006000009743c0
0x000000016b7c1d20:   00006000023740f0 0000600002374100
0x000000016b7c1d30:   00006000023741d8 00000000000000d8
0x000000016b7c1d40:   000000016b7c1e68 8fb48dda950b001e
0x000000016b7c1d50:   0000000000000000 0000600003876180
0x000000016b7c1d60:   000060000377a0f0 0000600001e76030
0x000000016b7c1d70:   0000000000000000 0000600003232140
0x000000016b7c1d80:   0000000000000000 0000000000000001
0x000000016b7c1d90:   000000016b7c1df0 8fb48dda950b001e
0x000000016b7c1da0:   0000000000000001 0000600003876180
0x000000016b7c1db0:   000060000377a0f0 0000000000000000
0x000000016b7c1dc0:   0000600003232140 0000600003232140
0x000000016b7c1dd0:   000000016b7c1df0 00000001389cdfd4
0x000000016b7c1de0:   0000600003232140 0000600002e786c0
0x000000016b7c1df0:   000000016b7c1e60 000000013888baf8
0x000000016b7c1e00:   000000016b7c1f48 000060000377a0f0
0x000000016b7c1e10:   000000016b7c1e20 0000000105bd76e4
0x000000016b7c1e20:   000000016b7c1e60 ce1e800105960101
0x000000016b7c1e30:   000060000377a0f0 0000600003876180
0x000000016b7c1e40:   0000600002e786c0 000000016b7c1f48
0x000000016b7c1e50:   000000014a011268 000000016b7c1f50
0x000000016b7c1e60:   000000016b7c1eb0 000000011a5545dc
0x000000016b7c1e70:   00000001175ce0f8 000000016b7c2e88 

Instructions: (pc=0x0000000138977810)
0x00000001389777f0:   0b0c014a 1100058c 0a09014a 8b0a1514
0x0000000138977800:   f940028b eb01017f 54fffd20 17fffff7
0x0000000138977810:   f9400008 3967e100 d65f03c0 f9400008
0x0000000138977820:   39522100 d65f03c0 f9400008 39522109 

Register to memory mapping:

 x0=0x0000000000000008 is an unknown value
 x1=0x000000016b7c1e08 is pointing into the stack for thread: 0x000000014a011000
 x2=0x000000016b7c1e08 is pointing into the stack for thread: 0x000000014a011000
 x3=0x0000600000957080 is an unknown value
 x4=0x00006000009570a8 is an unknown value
 x5=0x0000000000000000 is an unknown value
 x6=0x0000000000000001 is an unknown value
 x7=0x0000000000000000 is an unknown value
 x8=0x0000000148b70608 is an unknown value
 x9=0x0000600003232158 is an unknown value
x10=0x0000600003232128 is an unknown value
x11=0x0000600003230000 is an unknown value
x12=0x0000000000000080 is an unknown value
x13=0x00000000ffffffc2 is an unknown value
x14=0x00000000000007fb is an unknown value
x15=0x000000009141effb is an unknown value
x16=0x0000000138898494: _ZN4llvm21SymbolTableListTraitsINS_11InstructionEE13addNodeToListEPS1_+0 in /Users/seedoilz/.javacpp/cache/llvm-13.0.1-1.5.7-macosx-arm64.jar/org/bytedeco/llvm/macosx-arm64/libLLVM.dylib at 0x0000000138700000
x17=0x00000001e0b091d0 is an unknown value
x18=0x0000000000000000 is an unknown value
x19=0x0000600003232140 is an unknown value
x20=0x0000600003232140 is an unknown value
x21=0x0000000000000000 is an unknown value
x22=0x000000016b7c1e08 is pointing into the stack for thread: 0x000000014a011000
x23=0x0000600003876180 is an unknown value
x24=0x0000000000000001 is an unknown value
x25=0x000000011a5a7000: _ZL15JavaCPP_classes+0x70 in /Users/seedoilz/.javacpp/cache/llvm-13.0.1-1.5.7-macosx-arm64.jar/org/bytedeco/llvm/macosx-arm64/libjniLLVM.dylib at 0x000000011a518000
x26=0x00000001175ce0f8 is pointing into metadata
x27=0x0000000000000000 is an unknown value
x28=0x000000014a011000 is a thread


Stack: [0x000000016b5c0000,0x000000016b7c3000],  sp=0x000000016b7c1c80,  free space=2055k
Native frames: (J=compiled Java code, j=interpreted, Vv=VM code, C=native code)
C  [libLLVM.dylib+0x277810]  llvm::LLVMContext::shouldDiscardValueNames() const+0x0
C  [libLLVM.dylib+0x2cdfd4]  llvm::Value::setName(llvm::Twine const&)+0x14
C  [libLLVM.dylib+0x18baf8]  llvm::IRBuilderBase::CreateAlignedStore(llvm::Value*, llvm::Value*, llvm::MaybeAlign, bool)+0x9c
C  [libjniLLVM.dylib+0x3c5dc]  Java_org_bytedeco_llvm_global_LLVM_LLVMBuildStore+0xb4
j  org.bytedeco.llvm.global.LLVM.LLVMBuildStore(Lorg/bytedeco/llvm/LLVM/LLVMBuilderRef;Lorg/bytedeco/llvm/LLVM/LLVMValueRef;Lorg/bytedeco/llvm/LLVM/LLVMValueRef;)Lorg/bytedeco/llvm/LLVM/LLVMValueRef;+0
j  MyVisitor.visitStmt(LSysYParser$StmtContext;)Lorg/bytedeco/llvm/LLVM/LLVMValueRef;+366
j  MyVisitor.visitStmt(LSysYParser$StmtContext;)Ljava/lang/Object;+2
j  SysYParser$StmtContext.accept(Lorg/antlr/v4/runtime/tree/ParseTreeVisitor;)Ljava/lang/Object;+12
j  org.antlr.v4.runtime.tree.AbstractParseTreeVisitor.visitChildren(Lorg/antlr/v4/runtime/tree/RuleNode;)Ljava/lang/Object;+46
j  SysYParserBaseVisitor.visitBlockItem(LSysYParser$BlockItemContext;)Ljava/lang/Object;+2
j  SysYParser$BlockItemContext.accept(Lorg/antlr/v4/runtime/tree/ParseTreeVisitor;)Ljava/lang/Object;+12
j  org.antlr.v4.runtime.tree.AbstractParseTreeVisitor.visitChildren(Lorg/antlr/v4/runtime/tree/RuleNode;)Ljava/lang/Object;+46
j  SysYParserBaseVisitor.visitBlock(LSysYParser$BlockContext;)Ljava/lang/Object;+2
j  MyVisitor.visitBlock(LSysYParser$BlockContext;)Lorg/bytedeco/llvm/LLVM/LLVMValueRef;+2
j  MyVisitor.visitBlock(LSysYParser$BlockContext;)Ljava/lang/Object;+2
j  SysYParser$BlockContext.accept(Lorg/antlr/v4/runtime/tree/ParseTreeVisitor;)Ljava/lang/Object;+12
j  org.antlr.v4.runtime.tree.AbstractParseTreeVisitor.visitChildren(Lorg/antlr/v4/runtime/tree/RuleNode;)Ljava/lang/Object;+46
j  SysYParserBaseVisitor.visitFuncDef(LSysYParser$FuncDefContext;)Ljava/lang/Object;+2
j  MyVisitor.visitFuncDef(LSysYParser$FuncDefContext;)Lorg/bytedeco/llvm/LLVM/LLVMValueRef;+191
j  MyVisitor.visitFuncDef(LSysYParser$FuncDefContext;)Ljava/lang/Object;+2
j  SysYParser$FuncDefContext.accept(Lorg/antlr/v4/runtime/tree/ParseTreeVisitor;)Ljava/lang/Object;+12
j  org.antlr.v4.runtime.tree.AbstractParseTreeVisitor.visitChildren(Lorg/antlr/v4/runtime/tree/RuleNode;)Ljava/lang/Object;+46
j  SysYParserBaseVisitor.visitCompUnit(LSysYParser$CompUnitContext;)Ljava/lang/Object;+2
j  SysYParser$CompUnitContext.accept(Lorg/antlr/v4/runtime/tree/ParseTreeVisitor;)Ljava/lang/Object;+12
j  org.antlr.v4.runtime.tree.AbstractParseTreeVisitor.visitChildren(Lorg/antlr/v4/runtime/tree/RuleNode;)Ljava/lang/Object;+46
j  SysYParserBaseVisitor.visitProgram(LSysYParser$ProgramContext;)Ljava/lang/Object;+2
j  MyVisitor.visitProgram(LSysYParser$ProgramContext;)Lorg/bytedeco/llvm/LLVM/LLVMValueRef;+23
j  MyVisitor.visitProgram(LSysYParser$ProgramContext;)Ljava/lang/Object;+2
j  SysYParser$ProgramContext.accept(Lorg/antlr/v4/runtime/tree/ParseTreeVisitor;)Ljava/lang/Object;+12
j  org.antlr.v4.runtime.tree.AbstractParseTreeVisitor.visit(Lorg/antlr/v4/runtime/tree/ParseTree;)Ljava/lang/Object;+2
j  Main.main([Ljava/lang/String;)V+123
v  ~StubRoutines::call_stub
V  [libjvm.dylib+0x290e80]  JavaCalls::call_helper(JavaValue*, methodHandle*, JavaCallArguments*, Thread*)+0x840
V  [libjvm.dylib+0x2d4ea8]  jni_invoke_static(JNIEnv_*, JavaValue*, _jobject*, JNICallType, _jmethodID*, JNI_ArgumentPusher*, Thread*)+0x294
V  [libjvm.dylib+0x2d84c4]  jni_CallStaticVoidMethod+0x188
C  [java+0x6404]  JavaMain+0xa10
C  [libsystem_pthread.dylib+0x706c]  _pthread_start+0x94
C  [libsystem_pthread.dylib+0x1e2c]  thread_start+0x8

Java frames: (J=compiled Java code, j=interpreted, Vv=VM code)
j  org.bytedeco.llvm.global.LLVM.LLVMBuildStore(Lorg/bytedeco/llvm/LLVM/LLVMBuilderRef;Lorg/bytedeco/llvm/LLVM/LLVMValueRef;Lorg/bytedeco/llvm/LLVM/LLVMValueRef;)Lorg/bytedeco/llvm/LLVM/LLVMValueRef;+0
j  MyVisitor.visitStmt(LSysYParser$StmtContext;)Lorg/bytedeco/llvm/LLVM/LLVMValueRef;+366
j  MyVisitor.visitStmt(LSysYParser$StmtContext;)Ljava/lang/Object;+2
j  SysYParser$StmtContext.accept(Lorg/antlr/v4/runtime/tree/ParseTreeVisitor;)Ljava/lang/Object;+12
j  org.antlr.v4.runtime.tree.AbstractParseTreeVisitor.visitChildren(Lorg/antlr/v4/runtime/tree/RuleNode;)Ljava/lang/Object;+46
j  SysYParserBaseVisitor.visitBlockItem(LSysYParser$BlockItemContext;)Ljava/lang/Object;+2
j  SysYParser$BlockItemContext.accept(Lorg/antlr/v4/runtime/tree/ParseTreeVisitor;)Ljava/lang/Object;+12
j  org.antlr.v4.runtime.tree.AbstractParseTreeVisitor.visitChildren(Lorg/antlr/v4/runtime/tree/RuleNode;)Ljava/lang/Object;+46
j  SysYParserBaseVisitor.visitBlock(LSysYParser$BlockContext;)Ljava/lang/Object;+2
j  MyVisitor.visitBlock(LSysYParser$BlockContext;)Lorg/bytedeco/llvm/LLVM/LLVMValueRef;+2
j  MyVisitor.visitBlock(LSysYParser$BlockContext;)Ljava/lang/Object;+2
j  SysYParser$BlockContext.accept(Lorg/antlr/v4/runtime/tree/ParseTreeVisitor;)Ljava/lang/Object;+12
j  org.antlr.v4.runtime.tree.AbstractParseTreeVisitor.visitChildren(Lorg/antlr/v4/runtime/tree/RuleNode;)Ljava/lang/Object;+46
j  SysYParserBaseVisitor.visitFuncDef(LSysYParser$FuncDefContext;)Ljava/lang/Object;+2
j  MyVisitor.visitFuncDef(LSysYParser$FuncDefContext;)Lorg/bytedeco/llvm/LLVM/LLVMValueRef;+191
j  MyVisitor.visitFuncDef(LSysYParser$FuncDefContext;)Ljava/lang/Object;+2
j  SysYParser$FuncDefContext.accept(Lorg/antlr/v4/runtime/tree/ParseTreeVisitor;)Ljava/lang/Object;+12
j  org.antlr.v4.runtime.tree.AbstractParseTreeVisitor.visitChildren(Lorg/antlr/v4/runtime/tree/RuleNode;)Ljava/lang/Object;+46
j  SysYParserBaseVisitor.visitCompUnit(LSysYParser$CompUnitContext;)Ljava/lang/Object;+2
j  SysYParser$CompUnitContext.accept(Lorg/antlr/v4/runtime/tree/ParseTreeVisitor;)Ljava/lang/Object;+12
j  org.antlr.v4.runtime.tree.AbstractParseTreeVisitor.visitChildren(Lorg/antlr/v4/runtime/tree/RuleNode;)Ljava/lang/Object;+46
j  SysYParserBaseVisitor.visitProgram(LSysYParser$ProgramContext;)Ljava/lang/Object;+2
j  MyVisitor.visitProgram(LSysYParser$ProgramContext;)Lorg/bytedeco/llvm/LLVM/LLVMValueRef;+23
j  MyVisitor.visitProgram(LSysYParser$ProgramContext;)Ljava/lang/Object;+2
j  SysYParser$ProgramContext.accept(Lorg/antlr/v4/runtime/tree/ParseTreeVisitor;)Ljava/lang/Object;+12
j  org.antlr.v4.runtime.tree.AbstractParseTreeVisitor.visit(Lorg/antlr/v4/runtime/tree/ParseTree;)Ljava/lang/Object;+2
j  Main.main([Ljava/lang/String;)V+123
v  ~StubRoutines::call_stub

---------------  P R O C E S S  ---------------

Java Threads: ( => current thread )
  0x0000000149816000 JavaThread "JavaCPP Deallocator" daemon [_thread_blocked, id=31235, stack(0x000000016e3e0000,0x000000016e5e3000)]
  0x0000000148827000 JavaThread "Service Thread" daemon [_thread_blocked, id=22275, stack(0x000000016dfc8000,0x000000016e1cb000)]
  0x0000000148828000 JavaThread "C1 CompilerThread3" daemon [_thread_blocked, id=32259, stack(0x000000016ddbc000,0x000000016dfbf000)]
  0x000000014a81b800 JavaThread "C2 CompilerThread2" daemon [_thread_blocked, id=22019, stack(0x000000016dbb0000,0x000000016ddb3000)]
  0x0000000149819800 JavaThread "C2 CompilerThread1" daemon [_thread_blocked, id=19459, stack(0x000000016d9a4000,0x000000016dba7000)]
  0x000000014a80b000 JavaThread "C2 CompilerThread0" daemon [_thread_blocked, id=18947, stack(0x000000016d798000,0x000000016d99b000)]
  0x000000014b00f800 JavaThread "JDWP Command Reader" daemon [_thread_in_native, id=18691, stack(0x000000016d58c000,0x000000016d78f000)]
  0x000000014a80c800 JavaThread "JDWP Event Helper Thread" daemon [_thread_blocked, id=18179, stack(0x000000016d380000,0x000000016d583000)]
  0x000000014a80c000 JavaThread "JDWP Transport Listener: dt_socket" daemon [_thread_blocked, id=17923, stack(0x000000016d174000,0x000000016d377000)]
  0x0000000148823800 JavaThread "Signal Dispatcher" daemon [_thread_blocked, id=20227, stack(0x000000016cf68000,0x000000016d16b000)]
  0x000000014980f800 JavaThread "Finalizer" daemon [_thread_blocked, id=13315, stack(0x000000016cc44000,0x000000016ce47000)]
  0x0000000148808800 JavaThread "Reference Handler" daemon [_thread_blocked, id=12291, stack(0x000000016ca38000,0x000000016cc3b000)]
=>0x000000014a011000 JavaThread "main" [_thread_in_native, id=6403, stack(0x000000016b5c0000,0x000000016b7c3000)]

Other Threads:
  0x000000014a05c000 VMThread [stack: 0x000000016c82c000,0x000000016ca2f000] [id=13827]
  0x000000014880d800 WatcherThread [stack: 0x000000016e1d4000,0x000000016e3d7000] [id=31747]

VM state:not at safepoint (normal execution)

VM Mutex/Monitor currently owned by a thread: None

heap address: 0x00000006c0000000, size: 4096 MB, Compressed Oops mode: Zero based, Oop shift amount: 3
Narrow klass base: 0x0000000800000000, Narrow klass shift: 0
Compressed class space size: 1073741824 Address: 0x0000000800000000

Heap:
 PSYoungGen      total 76288K, used 22757K [0x000000076ab00000, 0x0000000770000000, 0x00000007c0000000)
  eden space 65536K, 34% used [0x000000076ab00000,0x000000076c139778,0x000000076eb00000)
  from space 10752K, 0% used [0x000000076f580000,0x000000076f580000,0x0000000770000000)
  to   space 10752K, 0% used [0x000000076eb00000,0x000000076eb00000,0x000000076f580000)
 ParOldGen       total 175104K, used 0K [0x00000006c0000000, 0x00000006cab00000, 0x000000076ab00000)
  object space 175104K, 0% used [0x00000006c0000000,0x00000006c0000000,0x00000006cab00000)
 Metaspace       used 6414K, capacity 6560K, committed 6784K, reserved 1056768K
  class space    used 741K, capacity 784K, committed 896K, reserved 1048576K

Card table byte_map: [0x0000000104d44000,0x0000000105548000] byte_map_base: 0x0000000101744000

Marking Bits: (ParMarkBitMap*) 0x0000000105d4a208
 Begin Bits: [0x000000010e920000, 0x0000000112920000)
 End Bits:   [0x0000000112920000, 0x0000000116920000)

Polling page: 0x000000010493c000

CodeCache: size=131072Kb used=2397Kb max_used=2408Kb free=128674Kb
 bounds [0x00000001063c8000, 0x0000000106638000, 0x000000010e3c8000]
 total_blobs=826 nmethods=508 adapters=243
 compilation: enabled

Compilation events (10 events):
Event: 0.260 Thread 0x0000000148828000  506       3       java.util.Hashtable$Enumerator::hasMoreElements (53 bytes)
Event: 0.260 Thread 0x0000000148828000 nmethod 506 0x0000000106620ed0 code [0x0000000106621040, 0x00000001066212d0]
Event: 0.260 Thread 0x0000000148828000  505       3       java.util.Hashtable$Enumerator::hasNext (5 bytes)
Event: 0.260 Thread 0x0000000148828000 nmethod 505 0x0000000106620b50 code [0x0000000106620cc0, 0x0000000106620e28]
Event: 0.260 Thread 0x000000014a81b800  507       4       java.io.UnixFileSystem::normalize (75 bytes)
Event: 0.260 Thread 0x000000014a80b000  509       4       java.util.Arrays::copyOf (19 bytes)
Event: 0.260 Thread 0x0000000148828000  508       3       java.nio.Buffer::position (40 bytes)
Event: 0.260 Thread 0x0000000148828000 nmethod 508 0x00000001066206d0 code [0x0000000106620840, 0x0000000106620a68]
Event: 0.262 Thread 0x000000014a80b000 nmethod 509 0x000000010661ed10 code [0x000000010661ee80, 0x000000010661f090]
Event: 0.262 Thread 0x000000014a81b800 nmethod 507 0x0000000106623050 code [0x00000001066231c0, 0x0000000106623428]

GC Heap History (0 events):
No events

Deoptimization events (0 events):
No events

Classes redefined (0 events):
No events

Internal exceptions (10 events):
Event: 0.087 Thread 0x000000014a011000 Exception <a 'java/security/PrivilegedActionException'> (0x000000076ae93588) thrown at [/Users/tester/jenkins/workspace/zulu-platform-build/zulu-src.git/hotspot/src/share/vm/prims/jvm.cpp, line 1523]
Event: 0.087 Thread 0x000000014a011000 Exception <a 'java/security/PrivilegedActionException'> (0x000000076ae93798) thrown at [/Users/tester/jenkins/workspace/zulu-platform-build/zulu-src.git/hotspot/src/share/vm/prims/jvm.cpp, line 1523]
Event: 0.087 Thread 0x000000014a011000 Exception <a 'java/security/PrivilegedActionException'> (0x000000076ae94658) thrown at [/Users/tester/jenkins/workspace/zulu-platform-build/zulu-src.git/hotspot/src/share/vm/prims/jvm.cpp, line 1523]
Event: 0.087 Thread 0x000000014a011000 Exception <a 'java/security/PrivilegedActionException'> (0x000000076ae94868) thrown at [/Users/tester/jenkins/workspace/zulu-platform-build/zulu-src.git/hotspot/src/share/vm/prims/jvm.cpp, line 1523]
Event: 0.098 Thread 0x000000014a011000 Exception <a 'java/security/PrivilegedActionException'> (0x000000076b09b438) thrown at [/Users/tester/jenkins/workspace/zulu-platform-build/zulu-src.git/hotspot/src/share/vm/prims/jvm.cpp, line 1523]
Event: 0.098 Thread 0x000000014a011000 Exception <a 'java/security/PrivilegedActionException'> (0x000000076b09b648) thrown at [/Users/tester/jenkins/workspace/zulu-platform-build/zulu-src.git/hotspot/src/share/vm/prims/jvm.cpp, line 1523]
Event: 0.098 Thread 0x000000014a011000 Exception <a 'java/security/PrivilegedActionException'> (0x000000076b09f8e8) thrown at [/Users/tester/jenkins/workspace/zulu-platform-build/zulu-src.git/hotspot/src/share/vm/prims/jvm.cpp, line 1523]
Event: 0.098 Thread 0x000000014a011000 Exception <a 'java/security/PrivilegedActionException'> (0x000000076b09faf8) thrown at [/Users/tester/jenkins/workspace/zulu-platform-build/zulu-src.git/hotspot/src/share/vm/prims/jvm.cpp, line 1523]
Event: 0.123 Thread 0x000000014a011000 Exception <a 'java/security/PrivilegedActionException'> (0x000000076b21e948) thrown at [/Users/tester/jenkins/workspace/zulu-platform-build/zulu-src.git/hotspot/src/share/vm/prims/jvm.cpp, line 1523]
Event: 0.123 Thread 0x000000014a011000 Exception <a 'java/security/PrivilegedActionException'> (0x000000076b21eb58) thrown at [/Users/tester/jenkins/workspace/zulu-platform-build/zulu-src.git/hotspot/src/share/vm/prims/jvm.cpp, line 1523]

Events (10 events):
Event: 2.748 Executing VM operation: GetCurrentLocation
Event: 2.748 Executing VM operation: GetCurrentLocation done
Event: 2.748 Executing VM operation: ChangeSingleStep
Event: 2.748 Executing VM operation: ChangeSingleStep done
Event: 2.749 Executing VM operation: ChangeSingleStep
Event: 2.749 Executing VM operation: ChangeSingleStep done
Event: 2.749 Executing VM operation: GetCurrentLocation
Event: 2.749 Executing VM operation: GetCurrentLocation done
Event: 2.749 Executing VM operation: ChangeSingleStep
Event: 2.749 Executing VM operation: ChangeSingleStep done


Dynamic libraries:
0x0000000197dfd000 	/System/Library/Frameworks/Cocoa.framework/Versions/A/Cocoa
0x0000000183c87000 	/System/Library/Frameworks/AppKit.framework/Versions/C/AppKit
0x000000018662b000 	/System/Library/Frameworks/CoreData.framework/Versions/A/CoreData
0x00000001818eb000 	/System/Library/Frameworks/Foundation.framework/Versions/C/Foundation
0x000000018bff8000 	/usr/lib/libSystem.B.dylib
0x0000000184b92000 	/System/Library/PrivateFrameworks/UIFoundation.framework/Versions/A/UIFoundation
0x00000001ec686000 	/System/Library/PrivateFrameworks/CollectionViewCore.framework/Versions/A/CollectionViewCore
0x00000001922a9000 	/System/Library/PrivateFrameworks/RemoteViewServices.framework/Versions/A/RemoteViewServices
0x000000018a42e000 	/System/Library/PrivateFrameworks/XCTTargetBootstrap.framework/Versions/A/XCTTargetBootstrap
0x000000018dd8c000 	/System/Library/PrivateFrameworks/InternationalSupport.framework/Versions/A/InternationalSupport
0x000000018de13000 	/System/Library/PrivateFrameworks/UserActivity.framework/Versions/A/UserActivity
0x000000020380e000 	/System/Library/PrivateFrameworks/WindowManagement.framework/Versions/A/WindowManagement
0x00000001815b5000 	/System/Library/Frameworks/SystemConfiguration.framework/Versions/A/SystemConfiguration
0x000000018d290000 	/usr/lib/libspindump.dylib
0x0000000184d38000 	/System/Library/Frameworks/UniformTypeIdentifiers.framework/Versions/A/UniformTypeIdentifiers
0x0000000188742000 	/usr/lib/libapp_launch_measurement.dylib
0x0000000187bf2000 	/System/Library/PrivateFrameworks/CoreAnalytics.framework/Versions/A/CoreAnalytics
0x0000000188749000 	/System/Library/PrivateFrameworks/CoreAutoLayout.framework/Versions/A/CoreAutoLayout
0x0000000189c3d000 	/System/Library/Frameworks/Metal.framework/Versions/A/Metal
0x000000018ab8c000 	/usr/lib/liblangid.dylib
0x000000018a434000 	/System/Library/PrivateFrameworks/CoreSVG.framework/Versions/A/CoreSVG
0x000000018565d000 	/System/Library/PrivateFrameworks/SkyLight.framework/Versions/A/SkyLight
0x0000000185a75000 	/System/Library/Frameworks/CoreGraphics.framework/Versions/A/CoreGraphics
0x0000000192974000 	/System/Library/Frameworks/Accelerate.framework/Versions/A/Accelerate
0x000000018ccfe000 	/System/Library/PrivateFrameworks/IconServices.framework/Versions/A/IconServices
0x0000000189c1d000 	/System/Library/Frameworks/IOSurface.framework/Versions/A/IOSurface
0x0000000187c1f000 	/usr/lib/libDiagnosticMessagesClient.dylib
0x000000018bf3e000 	/usr/lib/libz.1.dylib
0x0000000195bdb000 	/System/Library/Frameworks/ApplicationServices.framework/Versions/A/ApplicationServices
0x000000018a416000 	/System/Library/PrivateFrameworks/DFRFoundation.framework/Versions/A/DFRFoundation
0x0000000183505000 	/usr/lib/libicucore.A.dylib
0x000000018ed1c000 	/System/Library/Frameworks/AudioToolbox.framework/Versions/A/AudioToolbox
0x000000018dd97000 	/System/Library/PrivateFrameworks/DataDetectorsCore.framework/Versions/A/DataDetectorsCore
0x00000001a4e9a000 	/System/Library/PrivateFrameworks/TextInput.framework/Versions/A/TextInput
0x00000001855c2000 	/usr/lib/libMobileGestalt.dylib
0x000000018a0e2000 	/System/Library/Frameworks/Carbon.framework/Versions/A/Frameworks/HIToolbox.framework/Versions/A/HIToolbox
0x00000001880ca000 	/System/Library/Frameworks/QuartzCore.framework/Versions/A/QuartzCore
0x0000000183161000 	/System/Library/Frameworks/Security.framework/Versions/A/Security
0x00000001922e9000 	/System/Library/Frameworks/Carbon.framework/Versions/A/Frameworks/SpeechRecognition.framework/Versions/A/SpeechRecognition
0x0000000188481000 	/System/Library/PrivateFrameworks/CoreUI.framework/Versions/A/CoreUI
0x0000000182a5a000 	/System/Library/Frameworks/CoreAudio.framework/Versions/A/CoreAudio
0x0000000187cfb000 	/System/Library/Frameworks/DiskArbitration.framework/Versions/A/DiskArbitration
0x000000018d6c4000 	/System/Library/PrivateFrameworks/MultitouchSupport.framework/Versions/A/MultitouchSupport
0x00000001855c0000 	/usr/lib/libenergytrace.dylib
0x0000000183b4a000 	/System/Library/Frameworks/IOKit.framework/Versions/A/IOKit
0x00000001926d0000 	/System/Library/Frameworks/CoreServices.framework/Versions/A/CoreServices
0x00000001886cf000 	/System/Library/PrivateFrameworks/PerformanceAnalysis.framework/Versions/A/PerformanceAnalysis
0x00000001cfcb6000 	/System/Library/Frameworks/OpenGL.framework/Versions/A/OpenGL
0x0000000188793000 	/usr/lib/libxml2.2.dylib
0x000000018b560000 	/System/Library/PrivateFrameworks/MobileKeyBag.framework/Versions/A/MobileKeyBag
0x00000001805ec000 	/usr/lib/libobjc.A.dylib
0x00000001808a2000 	/usr/lib/libc++.1.dylib
0x00000001860c0000 	/System/Library/Frameworks/ColorSync.framework/Versions/A/ColorSync
0x00000001809bf000 	/System/Library/Frameworks/CoreFoundation.framework/Versions/A/CoreFoundation
0x000000018a7ae000 	/System/Library/Frameworks/CoreImage.framework/Versions/A/CoreImage
0x000000018287b000 	/System/Library/Frameworks/CoreText.framework/Versions/A/CoreText
0x000000018a46d000 	/System/Library/Frameworks/ImageIO.framework/Versions/A/ImageIO
0x000000018bffe000 	/System/Library/PrivateFrameworks/SoftLinking.framework/Versions/A/SoftLinking
0x000000018c292000 	/usr/lib/libcompression.dylib
0x000000018dce8000 	/System/Library/PrivateFrameworks/TextureIO.framework/Versions/A/TextureIO
0x000000018c9d0000 	/usr/lib/libate.dylib
0x000000018bff2000 	/usr/lib/system/libcache.dylib
0x000000018bfab000 	/usr/lib/system/libcommonCrypto.dylib
0x000000018bfd9000 	/usr/lib/system/libcompiler_rt.dylib
0x000000018bfcf000 	/usr/lib/system/libcopyfile.dylib
0x0000000180720000 	/usr/lib/system/libcorecrypto.dylib
0x00000001807d6000 	/usr/lib/system/libdispatch.dylib
0x0000000180967000 	/usr/lib/system/libdyld.dylib
0x000000018bfe8000 	/usr/lib/system/libkeymgr.dylib
0x000000018bf89000 	/usr/lib/system/libmacho.dylib
0x000000018b65a000 	/usr/lib/system/libquarantine.dylib
0x000000018bfe5000 	/usr/lib/system/libremovefile.dylib
0x0000000185627000 	/usr/lib/system/libsystem_asl.dylib
0x00000001806bd000 	/usr/lib/system/libsystem_blocks.dylib
0x0000000180821000 	/usr/lib/system/libsystem_c.dylib
0x000000018bfdd000 	/usr/lib/system/libsystem_collections.dylib
0x000000018ab7b000 	/usr/lib/system/libsystem_configuration.dylib
0x0000000189beb000 	/usr/lib/system/libsystem_containermanager.dylib
0x000000018bc91000 	/usr/lib/system/libsystem_coreservices.dylib
0x00000001837bc000 	/usr/lib/system/libsystem_darwin.dylib
0x000000018bfe9000 	/usr/lib/system/libsystem_dnssd.dylib
0x000000018081e000 	/usr/lib/system/libsystem_featureflags.dylib
0x0000000180993000 	/usr/lib/system/libsystem_info.dylib
0x000000018bf50000 	/usr/lib/system/libsystem_m.dylib
0x00000001807aa000 	/usr/lib/system/libsystem_malloc.dylib
0x00000001855a7000 	/usr/lib/system/libsystem_networkextension.dylib
0x0000000183c26000 	/usr/lib/system/libsystem_notify.dylib
0x000000018ab80000 	/usr/lib/system/libsystem_sandbox.dylib
0x000000018bfe2000 	/usr/lib/system/libsystem_secinit.dylib
0x0000000180921000 	/usr/lib/system/libsystem_kernel.dylib
0x000000018098b000 	/usr/lib/system/libsystem_platform.dylib
0x000000018095a000 	/usr/lib/system/libsystem_pthread.dylib
0x0000000186dfc000 	/usr/lib/system/libsystem_symptoms.dylib
0x0000000180706000 	/usr/lib/system/libsystem_trace.dylib
0x000000018bfbc000 	/usr/lib/system/libunwind.dylib
0x00000001806c2000 	/usr/lib/system/libxpc.dylib
0x0000000180909000 	/usr/lib/libc++abi.dylib
0x000000018bfc7000 	/usr/lib/liboah.dylib
0x000000018c88f000 	/usr/lib/liblzma.5.dylib
0x000000018bffa000 	/usr/lib/libfakelink.dylib
0x00000001851e5000 	/System/Library/Frameworks/CFNetwork.framework/Versions/A/CFNetwork
0x000000018c139000 	/usr/lib/libarchive.2.dylib
0x0000000190627000 	/System/Library/Frameworks/Combine.framework/Versions/A/Combine
0x000000018e6e6000 	/usr/lib/swift/libswiftCore.dylib
0x00000001a1f73000 	/usr/lib/swift/libswiftCoreFoundation.dylib
0x000000019fe4f000 	/usr/lib/swift/libswiftDarwin.dylib
0x0000000193be8000 	/usr/lib/swift/libswiftDispatch.dylib
0x00000001a1f94000 	/usr/lib/swift/libswiftIOKit.dylib
0x0000000195ffe000 	/usr/lib/swift/libswiftObjectiveC.dylib
0x00000001a1f87000 	/usr/lib/swift/libswiftXPC.dylib
0x000000020a039000 	/usr/lib/swift/libswift_Concurrency.dylib
0x000000020a18b000 	/usr/lib/swift/libswift_StringProcessing.dylib
0x0000000196002000 	/usr/lib/swift/libswiftos.dylib
0x0000000183acf000 	/System/Library/PrivateFrameworks/CoreServicesInternal.framework/Versions/A/CoreServicesInternal
0x000000018b685000 	/usr/lib/libbsm.0.dylib
0x000000018bf8f000 	/usr/lib/system/libkxld.dylib
0x000000018870b000 	/System/Library/Frameworks/CoreServices.framework/Versions/A/Frameworks/FSEvents.framework/Versions/A/FSEvents
0x00000001837c7000 	/System/Library/Frameworks/CoreServices.framework/Versions/A/Frameworks/CarbonCore.framework/Versions/A/CarbonCore
0x0000000187c62000 	/System/Library/Frameworks/CoreServices.framework/Versions/A/Frameworks/Metadata.framework/Versions/A/Metadata
0x000000018bc97000 	/System/Library/Frameworks/CoreServices.framework/Versions/A/Frameworks/OSServices.framework/Versions/A/OSServices
0x000000018c1c0000 	/System/Library/Frameworks/CoreServices.framework/Versions/A/Frameworks/SearchKit.framework/Versions/A/SearchKit
0x0000000186d7f000 	/System/Library/Frameworks/CoreServices.framework/Versions/A/Frameworks/AE.framework/Versions/A/AE
0x0000000180e97000 	/System/Library/Frameworks/CoreServices.framework/Versions/A/Frameworks/LaunchServices.framework/Versions/A/LaunchServices
0x000000018c838000 	/System/Library/Frameworks/CoreServices.framework/Versions/A/Frameworks/DictionaryServices.framework/Versions/A/DictionaryServices
0x0000000188718000 	/System/Library/Frameworks/CoreServices.framework/Versions/A/Frameworks/SharedFileList.framework/Versions/A/SharedFileList
0x000000018c25f000 	/usr/lib/libapple_nghttp2.dylib
0x00000001851e1000 	/usr/lib/libnetwork.dylib
0x0000000186a03000 	/usr/lib/libsqlite3.dylib
0x0000000186e05000 	/System/Library/Frameworks/Network.framework/Versions/A/Network
0x000000020918b000 	/usr/lib/libCoreEntitlements.dylib
0x00000001f5c66000 	/System/Library/PrivateFrameworks/MessageSecurity.framework/Versions/A/MessageSecurity
0x00000001869e9000 	/System/Library/PrivateFrameworks/ProtocolBuffer.framework/Versions/A/ProtocolBuffer
0x000000018bc73000 	/System/Library/PrivateFrameworks/AppleFSCompression.framework/Versions/A/AppleFSCompression
0x000000018b66d000 	/usr/lib/libcoretls.dylib
0x000000018c8a8000 	/usr/lib/libcoretls_cfhelpers.dylib
0x000000018c28c000 	/usr/lib/libpam.2.dylib
0x000000018c90e000 	/usr/lib/libxar.1.dylib
0x000000018ccd9000 	/usr/lib/libheimdal-asn1.dylib
0x000000018bfff000 	/usr/lib/libpcap.A.dylib
0x0000000186df2000 	/usr/lib/libdns_services.dylib
0x000000018ab88000 	/System/Library/PrivateFrameworks/AppleSystemInfo.framework/Versions/A/AppleSystemInfo
0x000000018b361000 	/System/Library/PrivateFrameworks/IOMobileFramebuffer.framework/Versions/A/IOMobileFramebuffer
0x000000018bc84000 	/usr/lib/libbz2.1.0.dylib
0x000000018b65d000 	/usr/lib/libCheckFix.dylib
0x000000018563f000 	/System/Library/PrivateFrameworks/TCC.framework/Versions/A/TCC
0x000000018ab8e000 	/System/Library/PrivateFrameworks/CoreNLP.framework/Versions/A/CoreNLP
0x0000000187c21000 	/System/Library/PrivateFrameworks/MetadataUtilities.framework/Versions/A/MetadataUtilities
0x000000018b696000 	/usr/lib/libmecab.dylib
0x000000018163f000 	/usr/lib/libCRFSuite.dylib
0x000000018b6f3000 	/usr/lib/libgermantok.dylib
0x000000018c238000 	/usr/lib/libThaiTokenizer.dylib
0x0000000187d04000 	/System/Library/Frameworks/Accelerate.framework/Versions/A/Frameworks/vImage.framework/Versions/A/vImage
0x00000001926a7000 	/System/Library/Frameworks/Accelerate.framework/Versions/A/Frameworks/vecLib.framework/Versions/A/vecLib
0x000000018c954000 	/System/Library/Frameworks/Accelerate.framework/Versions/A/Frameworks/vecLib.framework/Versions/A/libvMisc.dylib
0x000000018b261000 	/System/Library/Frameworks/Accelerate.framework/Versions/A/Frameworks/vecLib.framework/Versions/A/libvDSP.dylib
0x000000018124b000 	/System/Library/Frameworks/Accelerate.framework/Versions/A/Frameworks/vecLib.framework/Versions/A/libBLAS.dylib
0x000000018c364000 	/System/Library/Frameworks/Accelerate.framework/Versions/A/Frameworks/vecLib.framework/Versions/A/libLAPACK.dylib
0x000000018b6f6000 	/System/Library/Frameworks/Accelerate.framework/Versions/A/Frameworks/vecLib.framework/Versions/A/libLinearAlgebra.dylib
0x000000018c277000 	/System/Library/Frameworks/Accelerate.framework/Versions/A/Frameworks/vecLib.framework/Versions/A/libSparseBLAS.dylib
0x000000018c35f000 	/System/Library/Frameworks/Accelerate.framework/Versions/A/Frameworks/vecLib.framework/Versions/A/libQuadrature.dylib
0x000000018ac87000 	/System/Library/Frameworks/Accelerate.framework/Versions/A/Frameworks/vecLib.framework/Versions/A/libBNNS.dylib
0x000000018154e000 	/System/Library/Frameworks/Accelerate.framework/Versions/A/Frameworks/vecLib.framework/Versions/A/libSparse.dylib
0x00000001f4f9c000 	/System/Library/PrivateFrameworks/MIL.framework/Versions/A/MIL
0x000000018c034000 	/usr/lib/libiconv.2.dylib
0x000000018bf88000 	/usr/lib/libcharset.1.dylib
0x00000001886eb000 	/System/Library/Frameworks/OpenDirectory.framework/Versions/A/Frameworks/CFOpenDirectory.framework/Versions/A/CFOpenDirectory
0x00000001886db000 	/System/Library/Frameworks/OpenDirectory.framework/Versions/A/OpenDirectory
0x000000018c8aa000 	/System/Library/PrivateFrameworks/APFS.framework/Versions/A/APFS
0x000000018b597000 	/System/Library/Frameworks/SecurityFoundation.framework/Versions/A/SecurityFoundation
0x000000018c91d000 	/usr/lib/libutil.dylib
0x00000001f401d000 	/System/Library/PrivateFrameworks/InstalledContentLibrary.framework/Versions/A/InstalledContentLibrary
0x0000000183b0d000 	/System/Library/PrivateFrameworks/CoreServicesStore.framework/Versions/A/CoreServicesStore
0x00000001eb053000 	/System/Library/PrivateFrameworks/AppleMobileFileIntegrity.framework/Versions/A/AppleMobileFileIntegrity
0x00000001a1f52000 	/usr/lib/libmis.dylib
0x00000001afe77000 	/System/Library/PrivateFrameworks/MobileSystemServices.framework/Versions/A/MobileSystemServices
0x00000001ca5bc000 	/System/Library/PrivateFrameworks/ConfigProfileHelper.framework/Versions/A/ConfigProfileHelper
0x000000018c23a000 	/System/Library/PrivateFrameworks/AppleSauce.framework/Versions/A/AppleSauce
0x0000000182324000 	/System/Library/PrivateFrameworks/LanguageModeling.framework/Versions/A/LanguageModeling
0x000000018c921000 	/usr/lib/libxslt.1.dylib
0x000000018c127000 	/usr/lib/libcmph.dylib
0x000000018b34e000 	/System/Library/PrivateFrameworks/CoreEmoji.framework/Versions/A/CoreEmoji
0x000000018ac81000 	/System/Library/PrivateFrameworks/LinguisticData.framework/Versions/A/LinguisticData
0x0000000181506000 	/System/Library/PrivateFrameworks/Lexicon.framework/Versions/A/Lexicon
0x000000018b62a000 	/System/Library/PrivateFrameworks/BackgroundTaskManagement.framework/Versions/A/BackgroundTaskManagement
0x000000020932a000 	/usr/lib/libTLE.dylib
0x000000020a0d6000 	/usr/lib/swift/libswift_RegexParser.dylib
0x000000018d589000 	/System/Library/PrivateFrameworks/AppleJPEG.framework/Versions/A/AppleJPEG
0x000000018ccbe000 	/usr/lib/libexpat.1.dylib
0x000000018db4a000 	/System/Library/Frameworks/ImageIO.framework/Versions/A/Resources/libPng.dylib
0x000000018db75000 	/System/Library/Frameworks/ImageIO.framework/Versions/A/Resources/libTIFF.dylib
0x000000018dc5e000 	/System/Library/Frameworks/ImageIO.framework/Versions/A/Resources/libGIF.dylib
0x000000018d5ce000 	/System/Library/Frameworks/ImageIO.framework/Versions/A/Resources/libJP2.dylib
0x000000018dc02000 	/System/Library/Frameworks/ImageIO.framework/Versions/A/Resources/libJPEG.dylib
0x000000018dbf9000 	/System/Library/Frameworks/ImageIO.framework/Versions/A/Resources/libRadiance.dylib
0x0000000189f6b000 	/System/Library/PrivateFrameworks/FontServices.framework/libFontParser.dylib
0x0000000186d21000 	/System/Library/PrivateFrameworks/RunningBoardServices.framework/Versions/A/RunningBoardServices
0x000000019852e000 	/System/Library/PrivateFrameworks/IOSurfaceAccelerator.framework/Versions/A/IOSurfaceAccelerator
0x000000018d6c0000 	/System/Library/PrivateFrameworks/WatchdogClient.framework/Versions/A/WatchdogClient
0x000000018249d000 	/System/Library/Frameworks/CoreDisplay.framework/Versions/A/CoreDisplay
0x0000000189e45000 	/System/Library/Frameworks/CoreMedia.framework/Versions/A/CoreMedia
0x0000000189c33000 	/System/Library/PrivateFrameworks/IOAccelerator.framework/Versions/A/IOAccelerator
0x000000018887c000 	/System/Library/Frameworks/CoreVideo.framework/Versions/A/CoreVideo
0x000000018c28a000 	/System/Library/Frameworks/MetalPerformanceShaders.framework/Versions/A/MetalPerformanceShaders
0x000000018d6ff000 	/System/Library/Frameworks/VideoToolbox.framework/Versions/A/VideoToolbox
0x0000000186c64000 	/System/Library/PrivateFrameworks/BaseBoard.framework/Versions/A/BaseBoard
0x000000018dbf4000 	/System/Library/PrivateFrameworks/GPUWrangler.framework/Versions/A/GPUWrangler
0x000000018dbd4000 	/System/Library/PrivateFrameworks/IOPresentment.framework/Versions/A/IOPresentment
0x000000018dbfc000 	/System/Library/PrivateFrameworks/DSExternalDisplay.framework/Versions/A/DSExternalDisplay
0x00000001f07f7000 	/System/Library/PrivateFrameworks/GPUCompiler.framework/Versions/31001/Libraries/libllvm-flatbuffers.dylib
0x00000001cfca9000 	/System/Library/Frameworks/OpenGL.framework/Versions/A/Libraries/libCoreFSCache.dylib
0x00000001f07f3000 	/System/Library/PrivateFrameworks/GPUCompiler.framework/Versions/31001/Libraries/libGPUCompilerUtils.dylib
0x000000018dc64000 	/System/Library/PrivateFrameworks/CMCaptureCore.framework/Versions/A/CMCaptureCore
0x00000001e5292000 	/System/Library/Frameworks/ExtensionFoundation.framework/Versions/A/ExtensionFoundation
0x000000019438f000 	/System/Library/PrivateFrameworks/CoreTime.framework/Versions/A/CoreTime
0x000000018d27b000 	/System/Library/PrivateFrameworks/AppServerSupport.framework/Versions/A/AppServerSupport
0x000000018f5fe000 	/System/Library/PrivateFrameworks/perfdata.framework/Versions/A/perfdata
0x00000001825bd000 	/System/Library/PrivateFrameworks/AudioToolboxCore.framework/Versions/A/AudioToolboxCore
0x0000000189e1b000 	/System/Library/PrivateFrameworks/caulk.framework/Versions/A/caulk
0x000000018eebb000 	/usr/lib/libAudioStatistics.dylib
0x00000001a138c000 	/System/Library/PrivateFrameworks/SystemPolicy.framework/Versions/A/SystemPolicy
0x000000018f15d000 	/usr/lib/libSMC.dylib
0x0000000197cd2000 	/System/Library/Frameworks/CoreMIDI.framework/Versions/A/CoreMIDI
0x000000018db17000 	/usr/lib/libAudioToolboxUtility.dylib
0x000000019d10f000 	/System/Library/PrivateFrameworks/OSAServicesClient.framework/Versions/A/OSAServicesClient
0x000000018f60b000 	/usr/lib/libperfcheck.dylib
0x000000018cba9000 	/System/Library/PrivateFrameworks/PlugInKit.framework/Versions/A/PlugInKit
0x000000018b589000 	/System/Library/PrivateFrameworks/AssertionServices.framework/Versions/A/AssertionServices
0x00000001cfd0b000 	/System/Library/Frameworks/OpenGL.framework/Versions/A/Libraries/libGLU.dylib
0x00000001cfcca000 	/System/Library/Frameworks/OpenGL.framework/Versions/A/Libraries/libGFXShared.dylib
0x00000001cfeb1000 	/System/Library/Frameworks/OpenGL.framework/Versions/A/Libraries/libGL.dylib
0x00000001cfcd3000 	/System/Library/Frameworks/OpenGL.framework/Versions/A/Libraries/libGLImage.dylib
0x00000001cfcc7000 	/System/Library/Frameworks/OpenGL.framework/Versions/A/Libraries/libCVMSPluginSupport.dylib
0x0000000209309000 	/usr/lib/libRosetta.dylib
0x00000001cfcb0000 	/System/Library/Frameworks/OpenGL.framework/Versions/A/Libraries/libCoreVMClient.dylib
0x000000018ab00000 	/System/Library/Frameworks/MetalPerformanceShaders.framework/Versions/A/Frameworks/MPSCore.framework/Versions/A/MPSCore
0x000000018bbe9000 	/System/Library/Frameworks/MetalPerformanceShaders.framework/Versions/A/Frameworks/MPSImage.framework/Versions/A/MPSImage
0x000000018b70b000 	/System/Library/Frameworks/MetalPerformanceShaders.framework/Versions/A/Frameworks/MPSNeuralNetwork.framework/Versions/A/MPSNeuralNetwork
0x000000018baf7000 	/System/Library/Frameworks/MetalPerformanceShaders.framework/Versions/A/Frameworks/MPSMatrix.framework/Versions/A/MPSMatrix
0x000000018b909000 	/System/Library/Frameworks/MetalPerformanceShaders.framework/Versions/A/Frameworks/MPSRayIntersector.framework/Versions/A/MPSRayIntersector
0x000000018bb25000 	/System/Library/Frameworks/MetalPerformanceShaders.framework/Versions/A/Frameworks/MPSNDArray.framework/Versions/A/MPSNDArray
0x00000001e6660000 	/System/Library/Frameworks/MetalPerformanceShaders.framework/Versions/A/Frameworks/MPSFunctions.framework/Versions/A/MPSFunctions
0x0000000181111000 	/System/Library/PrivateFrameworks/MetalTools.framework/Versions/A/MetalTools
0x000000018ab86000 	/System/Library/PrivateFrameworks/AggregateDictionary.framework/Versions/A/AggregateDictionary
0x000000018ca62000 	/usr/lib/libIOReport.dylib
0x0000000196ec2000 	/System/Library/PrivateFrameworks/ASEProcessing.framework/Versions/A/ASEProcessing
0x000000018ce19000 	/System/Library/PrivateFrameworks/GraphVisualizer.framework/Versions/A/GraphVisualizer
0x00000001f0704000 	/System/Library/PrivateFrameworks/FontServices.framework/Versions/A/FontServices
0x000000018d239000 	/System/Library/PrivateFrameworks/OTSVG.framework/Versions/A/OTSVG
0x000000018842f000 	/System/Library/Frameworks/ApplicationServices.framework/Versions/A/Frameworks/ATS.framework/Versions/A/Resources/libFontRegistry.dylib
0x000000018d285000 	/System/Library/PrivateFrameworks/FontServices.framework/libhvf.dylib
0x00000001f0705000 	/System/Library/PrivateFrameworks/FontServices.framework/libXTFontStaticRegistryData.dylib
0x0000000202522000 	/System/Library/PrivateFrameworks/VideoToolboxParavirtualizationSupport.framework/Versions/A/VideoToolboxParavirtualizationSupport
0x000000018cc72000 	/System/Library/PrivateFrameworks/AppleVA.framework/Versions/A/AppleVA
0x000000018eefb000 	/System/Library/Frameworks/ApplicationServices.framework/Versions/A/Frameworks/ATS.framework/Versions/A/ATS
0x00000001861b3000 	/System/Library/Frameworks/ApplicationServices.framework/Versions/A/Frameworks/HIServices.framework/Versions/A/HIServices
0x000000018dc70000 	/System/Library/Frameworks/ApplicationServices.framework/Versions/A/Frameworks/PrintCore.framework/Versions/A/PrintCore
0x000000018f2b6000 	/System/Library/Frameworks/ApplicationServices.framework/Versions/A/Frameworks/QD.framework/Versions/A/QD
0x000000018f2aa000 	/System/Library/Frameworks/ApplicationServices.framework/Versions/A/Frameworks/ColorSyncLegacy.framework/Versions/A/ColorSyncLegacy
0x000000018eecf000 	/System/Library/Frameworks/ApplicationServices.framework/Versions/A/Frameworks/SpeechSynthesis.framework/Versions/A/SpeechSynthesis
0x000000018dc2e000 	/System/Library/Frameworks/ApplicationServices.framework/Versions/A/Frameworks/ATSUI.framework/Versions/A/ATSUI
0x000000018f23d000 	/usr/lib/libcups.2.dylib
0x000000018f619000 	/System/Library/Frameworks/Kerberos.framework/Versions/A/Kerberos
0x000000018f62a000 	/System/Library/Frameworks/GSS.framework/Versions/A/GSS
0x000000018ef6d000 	/usr/lib/libresolv.9.dylib
0x000000018d295000 	/System/Library/PrivateFrameworks/Heimdal.framework/Versions/A/Heimdal
0x0000000195f80000 	/System/Library/Frameworks/Kerberos.framework/Versions/A/Libraries/libHeimdalProxy.dylib
0x000000018f67a000 	/System/Library/PrivateFrameworks/CommonAuth.framework/Versions/A/CommonAuth
0x00000001e44cc000 	/System/Library/Frameworks/AVFAudio.framework/Versions/A/AVFAudio
0x000000019d15e000 	/System/Library/PrivateFrameworks/AXCoreUtilities.framework/Versions/A/AXCoreUtilities
0x000000018ee47000 	/System/Library/PrivateFrameworks/AudioSession.framework/Versions/A/AudioSession
0x00000001903de000 	/System/Library/Frameworks/IOBluetooth.framework/Versions/A/IOBluetooth
0x000000018cd73000 	/System/Library/PrivateFrameworks/MediaExperience.framework/Versions/A/MediaExperience
0x000000018ece2000 	/System/Library/PrivateFrameworks/AudioSession.framework/libSessionUtility.dylib
0x000000018f2c2000 	/System/Library/PrivateFrameworks/AudioResourceArbitration.framework/Versions/A/AudioResourceArbitration
0x00000001932bf000 	/System/Library/PrivateFrameworks/PowerLog.framework/Versions/A/PowerLog
0x0000000193201000 	/System/Library/Frameworks/CoreBluetooth.framework/Versions/A/CoreBluetooth
0x0000000195f81000 	/System/Library/Frameworks/AudioUnit.framework/Versions/A/AudioUnit
0x000000018b3ec000 	/System/Library/PrivateFrameworks/CoreUtils.framework/Versions/A/CoreUtils
0x00000001ef109000 	/System/Library/PrivateFrameworks/CoreUtilsExtras.framework/Versions/A/CoreUtilsExtras
0x00000001f3ebb000 	/System/Library/PrivateFrameworks/IO80211.framework/Versions/A/IO80211
0x000000018cce3000 	/System/Library/PrivateFrameworks/IconFoundation.framework/Versions/A/IconFoundation
0x00000001922d5000 	/System/Library/PrivateFrameworks/SpeechRecognitionCore.framework/Versions/A/SpeechRecognitionCore
0x0000000105694000 	/Users/seedoilz/Library/Java/JavaVirtualMachines/azul-1.8.0_352/Contents/Home/jre/lib/server/libjvm.dylib
0x0000000104954000 	/Users/seedoilz/Library/Java/JavaVirtualMachines/azul-1.8.0_352/Contents/Home/jre/lib/libverify.dylib
0x0000000104a18000 	/Users/seedoilz/Library/Java/JavaVirtualMachines/azul-1.8.0_352/Contents/Home/jre/lib/libjava.dylib
0x0000000104ab4000 	/Users/seedoilz/Library/Java/JavaVirtualMachines/azul-1.8.0_352/Contents/Home/jre/lib/libjdwp.dylib
0x00000001049cc000 	/Users/seedoilz/Library/Java/JavaVirtualMachines/azul-1.8.0_352/Contents/Home/jre/lib/libnpt.dylib
0x0000000104a64000 	/Users/seedoilz/Library/Java/JavaVirtualMachines/azul-1.8.0_352/Contents/Home/jre/lib/libinstrument.dylib
0x00000001049fc000 	/Users/seedoilz/Library/Java/JavaVirtualMachines/azul-1.8.0_352/Contents/Home/jre/lib/libzip.dylib
0x0000000104a98000 	/Users/seedoilz/Library/Java/JavaVirtualMachines/azul-1.8.0_352/Contents/Home/jre/lib/libdt_socket.dylib
0x00000001055f0000 	/Users/seedoilz/Library/Java/JavaVirtualMachines/azul-1.8.0_352/Contents/Home/jre/lib/libnio.dylib
0x0000000105640000 	/Users/seedoilz/Library/Java/JavaVirtualMachines/azul-1.8.0_352/Contents/Home/jre/lib/libnet.dylib
0x000000011a3b8000 	/Users/seedoilz/.javacpp/cache/javacpp-1.5.7-macosx-arm64.jar/org/bytedeco/javacpp/macosx-arm64/libjnijavacpp.dylib
0x0000000138700000 	/Users/seedoilz/.javacpp/cache/llvm-13.0.1-1.5.7-macosx-arm64.jar/org/bytedeco/llvm/macosx-arm64/libLLVM.dylib
0x00000001c24b9000 	/usr/lib/libedit.3.dylib
0x00000001a5e67000 	/usr/lib/libncurses.5.4.dylib
0x000000011a3e8000 	/Users/seedoilz/.javacpp/cache/llvm-13.0.1-1.5.7-macosx-arm64.jar/org/bytedeco/llvm/macosx-arm64/libLTO.dylib
0x000000011a3a4000 	/Users/seedoilz/.javacpp/cache/llvm-13.0.1-1.5.7-macosx-arm64.jar/org/bytedeco/llvm/macosx-arm64/libRemarks.dylib
0x000000011a518000 	/Users/seedoilz/.javacpp/cache/llvm-13.0.1-1.5.7-macosx-arm64.jar/org/bytedeco/llvm/macosx-arm64/libjniLLVM.dylib

VM Arguments:
jvm_args: -agentlib:jdwp=transport=dt_socket,address=127.0.0.1:49688,suspend=y,server=n -javaagent:/Users/seedoilz/Library/Caches/JetBrains/IntelliJIdea2022.3/captureAgent/debugger-agent.jar -Dfile.encoding=UTF-8 
java_command: Main /Users/seedoilz/Codes/Lab/src/a.txt /Users/seedoilz/Codes/Lab/src test.ll
java_class_path (initial): /Users/seedoilz/Library/Java/JavaVirtualMachines/azul-1.8.0_352/Contents/Home/jre/lib/cat.jar:/Users/seedoilz/Library/Java/JavaVirtualMachines/azul-1.8.0_352/Contents/Home/jre/lib/charsets.jar:/Users/seedoilz/Library/Java/JavaVirtualMachines/azul-1.8.0_352/Contents/Home/jre/lib/ext/cldrdata.jar:/Users/seedoilz/Library/Java/JavaVirtualMachines/azul-1.8.0_352/Contents/Home/jre/lib/ext/crs-agent.jar:/Users/seedoilz/Library/Java/JavaVirtualMachines/azul-1.8.0_352/Contents/Home/jre/lib/ext/dnsns.jar:/Users/seedoilz/Library/Java/JavaVirtualMachines/azul-1.8.0_352/Contents/Home/jre/lib/ext/jaccess.jar:/Users/seedoilz/Library/Java/JavaVirtualMachines/azul-1.8.0_352/Contents/Home/jre/lib/ext/legacy8ujsse.jar:/Users/seedoilz/Library/Java/JavaVirtualMachines/azul-1.8.0_352/Contents/Home/jre/lib/ext/localedata.jar:/Users/seedoilz/Library/Java/JavaVirtualMachines/azul-1.8.0_352/Contents/Home/jre/lib/ext/nashorn.jar:/Users/seedoilz/Library/Java/JavaVirtualMachines/azul-1.8.0_352/Contents/Home/jre/lib/ext/openjsse.jar:/Users/seedoilz/Library/Java/JavaVirtualMachines/azul-1.8.0_352/Contents/Home/jre/lib/ext/sunec.jar:/Users/seedoilz/Library/Java/JavaVirtualMachines/azul-1.8.0_352/Contents/Home/jre/lib/ext/sunjce_provider.jar:/Users/seedoilz/Library/Java/JavaVirtualMachines/azul-1.8.0_352/Contents/Home/jre/lib/ext/sunpkcs11.jar:/Users/seedoilz/Library/Java/JavaVirtualMachines/azul-1.8.0_352/Contents/Home/jre/lib/ext/zipfs.jar:/Users/seedoilz/Library/Java/JavaVirtualMachines/azul-1.8.0_352/Contents/Home/jre/lib/jce.jar:/Users/seedoilz/Library/Java/JavaVirtualMachines/azul-1.8.0_352/Contents/Home/jre/lib/jfr.jar:/Users/seedoilz/Library/Java/JavaVirtualMachines/azul-1.8.0_352/Contents/Home/jre/lib/jsse.jar:/Users/seedoilz/Library/Java/JavaVirtualMachines/azul-1.8.0_352/Contents/Home/jre/lib/management-agent.jar:/Users/seedoilz/Library/Java/JavaVirtualMachines/azul-1.8.0_352/Contents/Home/jre/lib/resources.jar:/Users/seedoilz/Library/Java/JavaVirtualMachines
Launcher Type: SUN_STANDARD

Environment Variables:
PATH=/opt/homebrew/anaconda3/bin:/opt/homebrew/anaconda3/condabin:/Library/Frameworks/Python.framework/Versions/3.10/bin:/opt/homebrew/bin:/opt/homebrew/sbin:/usr/local/bin:/System/Cryptexes/App/usr/bin:/usr/bin:/bin:/usr/sbin:/sbin:/Applications/VMware Fusion.app/Contents/Public:/Library/Apple/usr/bin
SHELL=/bin/zsh

Signal Handlers:
SIGSEGV: [libjvm.dylib+0x567968], sa_mask[0]=11111111011111110111111111111111, sa_flags=SA_ONSTACK|SA_RESTART|SA_SIGINFO
SIGBUS: [libjvm.dylib+0x567968], sa_mask[0]=11111111011111110111111111111111, sa_flags=SA_RESTART|SA_SIGINFO
SIGFPE: [libjvm.dylib+0x4608ac], sa_mask[0]=11111111011111110111111111111111, sa_flags=SA_RESTART|SA_SIGINFO
SIGPIPE: [libjvm.dylib+0x4608ac], sa_mask[0]=11111111011111110111111111111111, sa_flags=SA_RESTART|SA_SIGINFO
SIGXFSZ: [libjvm.dylib+0x4608ac], sa_mask[0]=11111111011111110111111111111111, sa_flags=SA_RESTART|SA_SIGINFO
SIGILL: [libjvm.dylib+0x4608ac], sa_mask[0]=11111111011111110111111111111111, sa_flags=SA_RESTART|SA_SIGINFO
SIGUSR1: SIG_DFL, sa_mask[0]=00000000000000000000000000000000, sa_flags=none
SIGUSR2: [libjvm.dylib+0x4611d0], sa_mask[0]=00100000000000000000000000000000, sa_flags=SA_RESTART|SA_SIGINFO
SIGHUP: [libjvm.dylib+0x45f158], sa_mask[0]=11111111011111110111111111111111, sa_flags=SA_RESTART|SA_SIGINFO
SIGINT: [libjvm.dylib+0x45f158], sa_mask[0]=11111111011111110111111111111111, sa_flags=SA_RESTART|SA_SIGINFO
SIGTERM: [libjvm.dylib+0x45f158], sa_mask[0]=11111111011111110111111111111111, sa_flags=SA_RESTART|SA_SIGINFO
SIGQUIT: [libjvm.dylib+0x45f158], sa_mask[0]=11111111011111110111111111111111, sa_flags=SA_RESTART|SA_SIGINFO


---------------  S Y S T E M  ---------------

OS:Bsduname:Darwin 22.2.0 Darwin Kernel Version 22.2.0: Fri Nov 11 02:04:44 PST 2022; root:xnu-8792.61.2~4/RELEASE_ARM64_T8103 arm64
rlimit: STACK 8176k, CORE 0k, NPROC 2666, NOFILE 10240, AS infinity
load average:2.24 2.20 2.38

CPU:total 8 (initial active 8) 0x61:0x0:0x1b588bb3:0, simd, crc, lse

Memory: 16k page, physical 16777216k(647232k free)

/proc/meminfo:


vm_info: OpenJDK 64-Bit Server VM (25.352-b08) for bsd-aarch64 JRE (Zulu 8.66.0.15-CA-macos-aarch64) (1.8.0_352-b08), built on Oct  9 2022 02:37:41 by "zulu_re" with gcc Apple LLVM 12.0.0 (clang-1200.0.32.28)

time: Wed Dec 28 15:37:02 2022
timezone: CST
elapsed time: 2.766395 seconds (0d 0h 0m 2s)

