#
# A fatal error has been detected by the Java Runtime Environment:
#
#  SIGSEGV (0xb) at pc=0x000000011cf9b810, pid=5725, tid=0x0000000000001503
#
# JRE version: OpenJDK Runtime Environment (Zulu 8.66.0.15-CA-macos-aarch64) (8.0_352-b08) (build 1.8.0_352-b08)
# Java VM: OpenJDK 64-Bit Server VM (25.352-b08 mixed mode bsd-aarch64 compressed oops)
# Problematic frame:
# C  [libLLVM.dylib+0x277810]  llvm::LLVMContext::shouldDiscardValueNames() const+0x0
#
# Failed to write core dump. Core dumps have been disabled. To enable core dumping, try "ulimit -c unlimited" before starting Java again
#
# If you would like to submit a bug report, please visit:
#   http://www.azul.com/support/
# The crash happened outside the Java Virtual Machine in native code.
# See problematic frame for where to report the bug.
#

---------------  T H R E A D  ---------------

Current thread (0x000000015a00f000):  JavaThread "main" [_thread_in_native, id=5379, stack(0x000000016db60000,0x000000016dd63000)]

siginfo: si_signo: 11 (SIGSEGV), si_code: 2 (SEGV_ACCERR), si_addr: 0x000000000000080d

Registers:
 x0=0x000000000000080d  x1=0x000000016dd61ce8  x2=0x000000000000004f  x3=0x0000600001fff780
 x4=0x0000000000000002  x5=0x0000000000000000  x6=0x000000016dd61ce8  x7=0x0000000000000000
 x8=0x000000015aa82540  x9=0x0000000000000000 x10=0x0000600001fff7a8 x11=0x0000600001ffc000
x12=0x0000000000000080 x13=0x00000000ffffffef x14=0x00000000000007fb x15=0x000000008e6087fb
x16=0x00000001aacb2ba0 x17=0x000000020ae2d1d0 x18=0x0000000000000000 x19=0x0000600001fff7c0
x20=0x000000016dd61ce8 x21=0x0000000000000028 x22=0x000000016dd61ce8 x23=0x0000000000000000
x24=0x0000600001fff780 x25=0x00006000033c8ed0 x26=0x0000000000000001 x27=0x00000001177a3000
x28=0x000000015a00f000  fp=0x000000016dd61c70  lr=0x000000011cff1c08  sp=0x000000016dd61b20
pc=0x000000011cf9b810 cpsr=0x0000000080001000
Top of Stack: (sp=0x000000016dd61b20)
0x000000016dd61b20:   0000000114ff8bd0 0000000114b846c8
0x000000016dd61b30:   000000015a00f000 0000000114b846c8
0x000000016dd61b40:   000000015a00f000 000000010376c318
0x000000016dd61b50:   0000000160086590 000000000368ec7c
0x000000016dd61b60:   0000000000000000 0000000000000000
0x000000016dd61b70:   0000000000000000 0000000114b846c8
0x000000016dd61b80:   000000015a00f000 0000600003fd00c0
0x000000016dd61b90:   000000015b1048f0 000000015b104900
0x000000016dd61ba0:   000000015b104cd8 00000000000003d8
0x000000016dd61bb0:   0000000103e7b8c0 000000076be826d8
0x000000016dd61bc0:   0000000103e7b924 0000000103e7bcc0
0x000000016dd61bd0:   0000000000000000 0000000000000000
0x000000016dd61be0:   0000000000000000 0000000103e7b8c0
0x000000016dd61bf0:   0000000114010000 000000016dd60158
0x000000016dd61c00:   0000000000000000 000000016dd61bb8
0x000000016dd61c10:   000000016dd61bf9 0000000800000001
0x000000016dd61c20:   000000016dd61c40 000000010363d7b0
0x000000016dd61c30:   000000016dd61e98 e2af203875220084
0x000000016dd61c40:   0000600001fff780 0000000000000000
0x000000016dd61c50:   00006000015d5288 0000000000000028
0x000000016dd61c60:   000000016dd61ce8 0000600001fff7c0
0x000000016dd61c70:   000000016dd61c90 000000011cff1fd4
0x000000016dd61c80:   000000016dd61ce8 0000600001fff7c0
0x000000016dd61c90:   000000016dd61cd0 000000011cf938f0
0x000000016dd61ca0:   0000000000000028 00006000015d51c0
0x000000016dd61cb0:   00006000015d5280 000000016dd61d68
0x000000016dd61cc0:   00006000003d43f0 0000600001fff7c0
0x000000016dd61cd0:   000000016dd61d50 000000011ceb0024
0x000000016dd61ce0:   0000000000000000 42060001033d5b9c
0x000000016dd61cf0:   000000015a00f000 0000000000000000
0x000000016dd61d00:   000000015a00f268 0000000000000101
0x000000016dd61d10:   00006000015d5280 00006000015d51c0 

Instructions: (pc=0x000000011cf9b810)
0x000000011cf9b7f0:   0b0c014a 1100058c 0a09014a 8b0a1514
0x000000011cf9b800:   f940028b eb01017f 54fffd20 17fffff7
0x000000011cf9b810:   f9400008 3967e100 d65f03c0 f9400008
0x000000011cf9b820:   39522100 d65f03c0 f9400008 39522109 

Register to memory mapping:

 x0=0x000000000000080d is an unknown value
 x1=0x000000016dd61ce8 is pointing into the stack for thread: 0x000000015a00f000
 x2=0x000000000000004f is an unknown value
 x3=0x0000600001fff780 is an unknown value
 x4=0x0000000000000002 is an unknown value
 x5=0x0000000000000000 is an unknown value
 x6=0x000000016dd61ce8 is pointing into the stack for thread: 0x000000015a00f000
 x7=0x0000000000000000 is an unknown value
 x8=0x000000015aa82540 is an unknown value
 x9=0x0000000000000000 is an unknown value
x10=0x0000600001fff7a8 is an unknown value
x11=0x0000600001ffc000 is an unknown value
x12=0x0000000000000080 is an unknown value
x13=0x00000000ffffffef is an unknown value
x14=0x00000000000007fb is an unknown value
x15=0x000000008e6087fb is an unknown value
x16=0x00000001aacb2ba0: __bzero+0 in /usr/lib/system/libsystem_platform.dylib at 0x00000001aacaf000
x17=0x000000020ae2d1d0 is an unknown value
x18=0x0000000000000000 is an unknown value
x19=0x0000600001fff7c0 is an unknown value
x20=0x000000016dd61ce8 is pointing into the stack for thread: 0x000000015a00f000
x21=0x0000000000000028 is an unknown value
x22=0x000000016dd61ce8 is pointing into the stack for thread: 0x000000015a00f000
x23=0x0000000000000000 is an unknown value
x24=0x0000600001fff780 is an unknown value
x25=0x00006000033c8ed0 is an unknown value
x26=0x0000000000000001 is an unknown value
x27=0x00000001177a3000: _ZL15JavaCPP_classes+0x70 in /Users/seedoilz/.javacpp/cache/llvm-13.0.1-1.5.7-macosx-arm64.jar/org/bytedeco/llvm/macosx-arm64/libjniLLVM.dylib at 0x0000000117714000
x28=0x000000015a00f000 is a thread


Stack: [0x000000016db60000,0x000000016dd63000],  sp=0x000000016dd61b20,  free space=2054k
Native frames: (J=compiled Java code, j=interpreted, Vv=VM code, C=native code)
C  [libLLVM.dylib+0x277810]  llvm::LLVMContext::shouldDiscardValueNames() const+0x0
C  [libLLVM.dylib+0x2cdfd4]  llvm::Value::setName(llvm::Twine const&)+0x14
C  [libLLVM.dylib+0x26f8f0]  llvm::CmpInst::CmpInst(llvm::Type*, llvm::Instruction::OtherOps, llvm::CmpInst::Predicate, llvm::Value*, llvm::Value*, llvm::Twine const&, llvm::Instruction*, llvm::Instruction*)+0xe8
C  [libLLVM.dylib+0x18c024]  llvm::IRBuilderBase::CreateICmp(llvm::CmpInst::Predicate, llvm::Value*, llvm::Value*, llvm::Twine const&)+0x154
C  [libLLVM.dylib+0x1d7994]  LLVMBuildICmp+0x38
C  [libjniLLVM.dylib+0x41964]  Java_org_bytedeco_llvm_global_LLVM_LLVMBuildICmp__Lorg_bytedeco_llvm_LLVM_LLVMBuilderRef_2ILorg_bytedeco_llvm_LLVM_LLVMValueRef_2Lorg_bytedeco_llvm_LLVM_LLVMValueRef_2Ljava_lang_String_2+0xd8
j  org.bytedeco.llvm.global.LLVM.LLVMBuildICmp(Lorg/bytedeco/llvm/LLVM/LLVMBuilderRef;ILorg/bytedeco/llvm/LLVM/LLVMValueRef;Lorg/bytedeco/llvm/LLVM/LLVMValueRef;Ljava/lang/String;)Lorg/bytedeco/llvm/LLVM/LLVMValueRef;+0
j  MyVisitor.visitLtCond(LSysYParser$LtCondContext;)Lorg/bytedeco/llvm/LLVM/LLVMValueRef;+288
j  MyVisitor.visitStmt(LSysYParser$StmtContext;)Lorg/bytedeco/llvm/LLVM/LLVMValueRef;+708
j  MyVisitor.visitStmt(LSysYParser$StmtContext;)Ljava/lang/Object;+2
j  SysYParser$StmtContext.accept(Lorg/antlr/v4/runtime/tree/ParseTreeVisitor;)Ljava/lang/Object;+12
j  org.antlr.v4.runtime.tree.AbstractParseTreeVisitor.visitChildren(Lorg/antlr/v4/runtime/tree/RuleNode;)Ljava/lang/Object;+46
j  SysYParserBaseVisitor.visitBlockItem(LSysYParser$BlockItemContext;)Ljava/lang/Object;+2
j  SysYParser$BlockItemContext.accept(Lorg/antlr/v4/runtime/tree/ParseTreeVisitor;)Ljava/lang/Object;+12
j  org.antlr.v4.runtime.tree.AbstractParseTreeVisitor.visitChildren(Lorg/antlr/v4/runtime/tree/RuleNode;)Ljava/lang/Object;+46
j  SysYParserBaseVisitor.visitBlock(LSysYParser$BlockContext;)Ljava/lang/Object;+2
j  MyVisitor.visitBlock(LSysYParser$BlockContext;)Lorg/bytedeco/llvm/LLVM/LLVMValueRef;+2
j  MyVisitor.visitBlock(LSysYParser$BlockContext;)Ljava/lang/Object;+2
j  SysYParser$BlockContext.accept(Lorg/antlr/v4/runtime/tree/ParseTreeVisitor;)Ljava/lang/Object;+12
j  org.antlr.v4.runtime.tree.AbstractParseTreeVisitor.visitChildren(Lorg/antlr/v4/runtime/tree/RuleNode;)Ljava/lang/Object;+46
j  SysYParserBaseVisitor.visitFuncDef(LSysYParser$FuncDefContext;)Ljava/lang/Object;+2
j  MyVisitor.visitFuncDef(LSysYParser$FuncDefContext;)Lorg/bytedeco/llvm/LLVM/LLVMValueRef;+229
j  MyVisitor.visitFuncDef(LSysYParser$FuncDefContext;)Ljava/lang/Object;+2
j  SysYParser$FuncDefContext.accept(Lorg/antlr/v4/runtime/tree/ParseTreeVisitor;)Ljava/lang/Object;+12
j  org.antlr.v4.runtime.tree.AbstractParseTreeVisitor.visitChildren(Lorg/antlr/v4/runtime/tree/RuleNode;)Ljava/lang/Object;+46
j  SysYParserBaseVisitor.visitCompUnit(LSysYParser$CompUnitContext;)Ljava/lang/Object;+2
j  SysYParser$CompUnitContext.accept(Lorg/antlr/v4/runtime/tree/ParseTreeVisitor;)Ljava/lang/Object;+12
j  org.antlr.v4.runtime.tree.AbstractParseTreeVisitor.visitChildren(Lorg/antlr/v4/runtime/tree/RuleNode;)Ljava/lang/Object;+46
j  SysYParserBaseVisitor.visitProgram(LSysYParser$ProgramContext;)Ljava/lang/Object;+2
j  MyVisitor.visitProgram(LSysYParser$ProgramContext;)Lorg/bytedeco/llvm/LLVM/LLVMValueRef;+23
j  MyVisitor.visitProgram(LSysYParser$ProgramContext;)Ljava/lang/Object;+2
j  SysYParser$ProgramContext.accept(Lorg/antlr/v4/runtime/tree/ParseTreeVisitor;)Ljava/lang/Object;+12
j  org.antlr.v4.runtime.tree.AbstractParseTreeVisitor.visit(Lorg/antlr/v4/runtime/tree/ParseTree;)Ljava/lang/Object;+2
j  Main.main([Ljava/lang/String;)V+123
v  ~StubRoutines::call_stub
V  [libjvm.dylib+0x290e80]  JavaCalls::call_helper(JavaValue*, methodHandle*, JavaCallArguments*, Thread*)+0x840
V  [libjvm.dylib+0x2d4ea8]  jni_invoke_static(JNIEnv_*, JavaValue*, _jobject*, JNICallType, _jmethodID*, JNI_ArgumentPusher*, Thread*)+0x294
V  [libjvm.dylib+0x2d84c4]  jni_CallStaticVoidMethod+0x188
C  [java+0x6404]  JavaMain+0xa10
C  [libsystem_pthread.dylib+0x706c]  _pthread_start+0x94
C  [libsystem_pthread.dylib+0x1e2c]  thread_start+0x8

Java frames: (J=compiled Java code, j=interpreted, Vv=VM code)
j  org.bytedeco.llvm.global.LLVM.LLVMBuildICmp(Lorg/bytedeco/llvm/LLVM/LLVMBuilderRef;ILorg/bytedeco/llvm/LLVM/LLVMValueRef;Lorg/bytedeco/llvm/LLVM/LLVMValueRef;Ljava/lang/String;)Lorg/bytedeco/llvm/LLVM/LLVMValueRef;+0
j  MyVisitor.visitLtCond(LSysYParser$LtCondContext;)Lorg/bytedeco/llvm/LLVM/LLVMValueRef;+288
j  MyVisitor.visitStmt(LSysYParser$StmtContext;)Lorg/bytedeco/llvm/LLVM/LLVMValueRef;+708
j  MyVisitor.visitStmt(LSysYParser$StmtContext;)Ljava/lang/Object;+2
j  SysYParser$StmtContext.accept(Lorg/antlr/v4/runtime/tree/ParseTreeVisitor;)Ljava/lang/Object;+12
j  org.antlr.v4.runtime.tree.AbstractParseTreeVisitor.visitChildren(Lorg/antlr/v4/runtime/tree/RuleNode;)Ljava/lang/Object;+46
j  SysYParserBaseVisitor.visitBlockItem(LSysYParser$BlockItemContext;)Ljava/lang/Object;+2
j  SysYParser$BlockItemContext.accept(Lorg/antlr/v4/runtime/tree/ParseTreeVisitor;)Ljava/lang/Object;+12
j  org.antlr.v4.runtime.tree.AbstractParseTreeVisitor.visitChildren(Lorg/antlr/v4/runtime/tree/RuleNode;)Ljava/lang/Object;+46
j  SysYParserBaseVisitor.visitBlock(LSysYParser$BlockContext;)Ljava/lang/Object;+2
j  MyVisitor.visitBlock(LSysYParser$BlockContext;)Lorg/bytedeco/llvm/LLVM/LLVMValueRef;+2
j  MyVisitor.visitBlock(LSysYParser$BlockContext;)Ljava/lang/Object;+2
j  SysYParser$BlockContext.accept(Lorg/antlr/v4/runtime/tree/ParseTreeVisitor;)Ljava/lang/Object;+12
j  org.antlr.v4.runtime.tree.AbstractParseTreeVisitor.visitChildren(Lorg/antlr/v4/runtime/tree/RuleNode;)Ljava/lang/Object;+46
j  SysYParserBaseVisitor.visitFuncDef(LSysYParser$FuncDefContext;)Ljava/lang/Object;+2
j  MyVisitor.visitFuncDef(LSysYParser$FuncDefContext;)Lorg/bytedeco/llvm/LLVM/LLVMValueRef;+229
j  MyVisitor.visitFuncDef(LSysYParser$FuncDefContext;)Ljava/lang/Object;+2
j  SysYParser$FuncDefContext.accept(Lorg/antlr/v4/runtime/tree/ParseTreeVisitor;)Ljava/lang/Object;+12
j  org.antlr.v4.runtime.tree.AbstractParseTreeVisitor.visitChildren(Lorg/antlr/v4/runtime/tree/RuleNode;)Ljava/lang/Object;+46
j  SysYParserBaseVisitor.visitCompUnit(LSysYParser$CompUnitContext;)Ljava/lang/Object;+2
j  SysYParser$CompUnitContext.accept(Lorg/antlr/v4/runtime/tree/ParseTreeVisitor;)Ljava/lang/Object;+12
j  org.antlr.v4.runtime.tree.AbstractParseTreeVisitor.visitChildren(Lorg/antlr/v4/runtime/tree/RuleNode;)Ljava/lang/Object;+46
j  SysYParserBaseVisitor.visitProgram(LSysYParser$ProgramContext;)Ljava/lang/Object;+2
j  MyVisitor.visitProgram(LSysYParser$ProgramContext;)Lorg/bytedeco/llvm/LLVM/LLVMValueRef;+23
j  MyVisitor.visitProgram(LSysYParser$ProgramContext;)Ljava/lang/Object;+2
j  SysYParser$ProgramContext.accept(Lorg/antlr/v4/runtime/tree/ParseTreeVisitor;)Ljava/lang/Object;+12
j  org.antlr.v4.runtime.tree.AbstractParseTreeVisitor.visit(Lorg/antlr/v4/runtime/tree/ParseTree;)Ljava/lang/Object;+2
j  Main.main([Ljava/lang/String;)V+123
v  ~StubRoutines::call_stub

---------------  P R O C E S S  ---------------

Java Threads: ( => current thread )
  0x000000015908d800 JavaThread "JavaCPP Deallocator" daemon [_thread_blocked, id=22275, stack(0x0000000170568000,0x000000017076b000)]
  0x000000015a0d2000 JavaThread "Service Thread" daemon [_thread_blocked, id=32515, stack(0x0000000170150000,0x0000000170353000)]
  0x000000015a82e000 JavaThread "C1 CompilerThread3" daemon [_thread_blocked, id=17411, stack(0x000000016ff44000,0x0000000170147000)]
  0x000000015a82d000 JavaThread "C2 CompilerThread2" daemon [_thread_blocked, id=17923, stack(0x000000016fd38000,0x000000016ff3b000)]
  0x0000000139808800 JavaThread "C2 CompilerThread1" daemon [_thread_blocked, id=17155, stack(0x000000016fb2c000,0x000000016fd2f000)]
  0x000000015a085000 JavaThread "C2 CompilerThread0" daemon [_thread_blocked, id=18435, stack(0x000000016f920000,0x000000016fb23000)]
  0x000000015a05a800 JavaThread "Monitor Ctrl-Break" daemon [_thread_in_native, id=18691, stack(0x000000016f714000,0x000000016f917000)]
  0x000000015981e000 JavaThread "Signal Dispatcher" daemon [_thread_blocked, id=19203, stack(0x000000016f508000,0x000000016f70b000)]
  0x0000000159018800 JavaThread "Finalizer" daemon [_thread_blocked, id=12547, stack(0x000000016f1e4000,0x000000016f3e7000)]
  0x000000015900f800 JavaThread "Reference Handler" daemon [_thread_blocked, id=13059, stack(0x000000016efd8000,0x000000016f1db000)]
=>0x000000015a00f000 JavaThread "main" [_thread_in_native, id=5379, stack(0x000000016db60000,0x000000016dd63000)]

Other Threads:
  0x0000000159811000 VMThread [stack: 0x000000016edcc000,0x000000016efcf000] [id=13571]
  0x0000000159083000 WatcherThread [stack: 0x000000017035c000,0x000000017055f000] [id=32259]

VM state:not at safepoint (normal execution)

VM Mutex/Monitor currently owned by a thread: None

heap address: 0x00000006c0000000, size: 4096 MB, Compressed Oops mode: Zero based, Oop shift amount: 3
Narrow klass base: 0x0000000800000000, Narrow klass shift: 0
Compressed class space size: 1073741824 Address: 0x0000000800000000

Heap:
 PSYoungGen      total 76288K, used 20981K [0x000000076ab00000, 0x0000000770000000, 0x00000007c0000000)
  eden space 65536K, 32% used [0x000000076ab00000,0x000000076bf7d548,0x000000076eb00000)
  from space 10752K, 0% used [0x000000076f580000,0x000000076f580000,0x0000000770000000)
  to   space 10752K, 0% used [0x000000076eb00000,0x000000076eb00000,0x000000076f580000)
 ParOldGen       total 175104K, used 0K [0x00000006c0000000, 0x00000006cab00000, 0x000000076ab00000)
  object space 175104K, 0% used [0x00000006c0000000,0x00000006c0000000,0x00000006cab00000)
 Metaspace       used 6454K, capacity 6560K, committed 6784K, reserved 1056768K
  class space    used 754K, capacity 784K, committed 896K, reserved 1048576K

Card table byte_map: [0x0000000102730000,0x0000000102f34000] byte_map_base: 0x00000000ff130000

Marking Bits: (ParMarkBitMap*) 0x00000001037aa208
 Begin Bits: [0x000000010c380000, 0x0000000110380000)
 End Bits:   [0x0000000110380000, 0x0000000114380000)

Polling page: 0x000000010239c000

CodeCache: size=131072Kb used=2306Kb max_used=2306Kb free=128765Kb
 bounds [0x0000000103e28000, 0x0000000104098000, 0x000000010be28000]
 total_blobs=831 nmethods=502 adapters=246
 compilation: enabled

Compilation events (10 events):
Event: 0.221 Thread 0x000000015a82e000  497       1       java.util.concurrent.ConcurrentHashMap::spread (10 bytes)
Event: 0.221 Thread 0x000000015a82e000 nmethod 497 0x000000010405a8d0 code [0x000000010405aa00, 0x000000010405aa90]
Event: 0.221 Thread 0x000000015a82e000  499       3       java.util.Hashtable$Enumerator::hasMoreElements (53 bytes)
Event: 0.221 Thread 0x000000015a82e000 nmethod 499 0x00000001040669d0 code [0x0000000104066b40, 0x0000000104066dd0]
Event: 0.221 Thread 0x000000015a82e000  500       3       sun.reflect.annotation.AnnotationInvocationHandler::invoke (277 bytes)
Event: 0.222 Thread 0x000000015a82e000 nmethod 500 0x0000000104066ed0 code [0x0000000104067240, 0x0000000104068890]
Event: 0.222 Thread 0x000000015a82e000  498       3       java.util.Hashtable$Enumerator::hasNext (5 bytes)
Event: 0.222 Thread 0x000000015a82e000 nmethod 498 0x0000000104069290 code [0x0000000104069400, 0x0000000104069568]
Event: 0.222 Thread 0x000000015a82e000  501  s    1       java.util.Vector::size (5 bytes)
Event: 0.222 Thread 0x000000015a82e000 nmethod 501 0x0000000104069610 code [0x0000000104069780, 0x0000000104069990]

GC Heap History (0 events):
No events

Deoptimization events (1 events):
Event: 0.179 Thread 0x000000015a00f000 Uncommon trap: reason=unstable_if action=reinterpret pc=0x0000000103ff3ad8 method=java.lang.String.replace(CC)Ljava/lang/String; @ 26

Classes redefined (0 events):
No events

Internal exceptions (10 events):
Event: 0.058 Thread 0x000000015a00f000 Exception <a 'java/security/PrivilegedActionException'> (0x000000076ac0e658) thrown at [/Users/tester/jenkins/workspace/zulu-platform-build/zulu-src.git/hotspot/src/share/vm/prims/jvm.cpp, line 1523]
Event: 0.058 Thread 0x000000015a00f000 Exception <a 'java/security/PrivilegedActionException'> (0x000000076ac0e868) thrown at [/Users/tester/jenkins/workspace/zulu-platform-build/zulu-src.git/hotspot/src/share/vm/prims/jvm.cpp, line 1523]
Event: 0.058 Thread 0x000000015a00f000 Exception <a 'java/security/PrivilegedActionException'> (0x000000076ac0f728) thrown at [/Users/tester/jenkins/workspace/zulu-platform-build/zulu-src.git/hotspot/src/share/vm/prims/jvm.cpp, line 1523]
Event: 0.058 Thread 0x000000015a00f000 Exception <a 'java/security/PrivilegedActionException'> (0x000000076ac0f938) thrown at [/Users/tester/jenkins/workspace/zulu-platform-build/zulu-src.git/hotspot/src/share/vm/prims/jvm.cpp, line 1523]
Event: 0.063 Thread 0x000000015a00f000 Exception <a 'java/security/PrivilegedActionException'> (0x000000076ac61bb0) thrown at [/Users/tester/jenkins/workspace/zulu-platform-build/zulu-src.git/hotspot/src/share/vm/prims/jvm.cpp, line 1523]
Event: 0.063 Thread 0x000000015a00f000 Exception <a 'java/security/PrivilegedActionException'> (0x000000076ac61dc0) thrown at [/Users/tester/jenkins/workspace/zulu-platform-build/zulu-src.git/hotspot/src/share/vm/prims/jvm.cpp, line 1523]
Event: 0.090 Thread 0x000000015a00f000 Exception <a 'java/security/PrivilegedActionException'> (0x000000076b041518) thrown at [/Users/tester/jenkins/workspace/zulu-platform-build/zulu-src.git/hotspot/src/share/vm/prims/jvm.cpp, line 1523]
Event: 0.090 Thread 0x000000015a00f000 Exception <a 'java/security/PrivilegedActionException'> (0x000000076b041728) thrown at [/Users/tester/jenkins/workspace/zulu-platform-build/zulu-src.git/hotspot/src/share/vm/prims/jvm.cpp, line 1523]
Event: 0.091 Thread 0x000000015a00f000 Exception <a 'java/security/PrivilegedActionException'> (0x000000076b0459c8) thrown at [/Users/tester/jenkins/workspace/zulu-platform-build/zulu-src.git/hotspot/src/share/vm/prims/jvm.cpp, line 1523]
Event: 0.091 Thread 0x000000015a00f000 Exception <a 'java/security/PrivilegedActionException'> (0x000000076b045bd8) thrown at [/Users/tester/jenkins/workspace/zulu-platform-build/zulu-src.git/hotspot/src/share/vm/prims/jvm.cpp, line 1523]

Events (10 events):
Event: 0.219 loading class Scope
Event: 0.219 loading class Scope done
Event: 0.220 loading class sun/nio/cs/ISO_8859_1$Decoder
Event: 0.220 loading class sun/nio/cs/ISO_8859_1$Decoder done
Event: 0.222 loading class org/bytedeco/javacpp/PointerScope
Event: 0.222 loading class org/bytedeco/javacpp/PointerScope done
Event: 0.222 loading class org/bytedeco/javacpp/PointerScope$1
Event: 0.222 loading class org/bytedeco/javacpp/PointerScope$1 done
Event: 0.222 loading class java/util/ArrayDeque$DeqIterator
Event: 0.222 loading class java/util/ArrayDeque$DeqIterator done


Dynamic libraries:
0x00000001c2121000 	/System/Library/Frameworks/Cocoa.framework/Versions/A/Cocoa
0x00000001adfab000 	/System/Library/Frameworks/AppKit.framework/Versions/C/AppKit
0x00000001b094f000 	/System/Library/Frameworks/CoreData.framework/Versions/A/CoreData
0x00000001abc0f000 	/System/Library/Frameworks/Foundation.framework/Versions/C/Foundation
0x00000001b631c000 	/usr/lib/libSystem.B.dylib
0x00000001aeeb6000 	/System/Library/PrivateFrameworks/UIFoundation.framework/Versions/A/UIFoundation
0x00000002169aa000 	/System/Library/PrivateFrameworks/CollectionViewCore.framework/Versions/A/CollectionViewCore
0x00000001bc5cd000 	/System/Library/PrivateFrameworks/RemoteViewServices.framework/Versions/A/RemoteViewServices
0x00000001b4752000 	/System/Library/PrivateFrameworks/XCTTargetBootstrap.framework/Versions/A/XCTTargetBootstrap
0x00000001b80b0000 	/System/Library/PrivateFrameworks/InternationalSupport.framework/Versions/A/InternationalSupport
0x00000001b8137000 	/System/Library/PrivateFrameworks/UserActivity.framework/Versions/A/UserActivity
0x000000022db32000 	/System/Library/PrivateFrameworks/WindowManagement.framework/Versions/A/WindowManagement
0x00000001ab8d9000 	/System/Library/Frameworks/SystemConfiguration.framework/Versions/A/SystemConfiguration
0x00000001b75b4000 	/usr/lib/libspindump.dylib
0x00000001af05c000 	/System/Library/Frameworks/UniformTypeIdentifiers.framework/Versions/A/UniformTypeIdentifiers
0x00000001b2a66000 	/usr/lib/libapp_launch_measurement.dylib
0x00000001b1f16000 	/System/Library/PrivateFrameworks/CoreAnalytics.framework/Versions/A/CoreAnalytics
0x00000001b2a6d000 	/System/Library/PrivateFrameworks/CoreAutoLayout.framework/Versions/A/CoreAutoLayout
0x00000001b3f61000 	/System/Library/Frameworks/Metal.framework/Versions/A/Metal
0x00000001b4eb0000 	/usr/lib/liblangid.dylib
0x00000001b4758000 	/System/Library/PrivateFrameworks/CoreSVG.framework/Versions/A/CoreSVG
0x00000001af981000 	/System/Library/PrivateFrameworks/SkyLight.framework/Versions/A/SkyLight
0x00000001afd99000 	/System/Library/Frameworks/CoreGraphics.framework/Versions/A/CoreGraphics
0x00000001bcc98000 	/System/Library/Frameworks/Accelerate.framework/Versions/A/Accelerate
0x00000001b7022000 	/System/Library/PrivateFrameworks/IconServices.framework/Versions/A/IconServices
0x00000001b3f41000 	/System/Library/Frameworks/IOSurface.framework/Versions/A/IOSurface
0x00000001b1f43000 	/usr/lib/libDiagnosticMessagesClient.dylib
0x00000001b6262000 	/usr/lib/libz.1.dylib
0x00000001bfeff000 	/System/Library/Frameworks/ApplicationServices.framework/Versions/A/ApplicationServices
0x00000001b473a000 	/System/Library/PrivateFrameworks/DFRFoundation.framework/Versions/A/DFRFoundation
0x00000001ad829000 	/usr/lib/libicucore.A.dylib
0x00000001b9040000 	/System/Library/Frameworks/AudioToolbox.framework/Versions/A/AudioToolbox
0x00000001b80bb000 	/System/Library/PrivateFrameworks/DataDetectorsCore.framework/Versions/A/DataDetectorsCore
0x00000001cf1be000 	/System/Library/PrivateFrameworks/TextInput.framework/Versions/A/TextInput
0x00000001af8e6000 	/usr/lib/libMobileGestalt.dylib
0x00000001b4406000 	/System/Library/Frameworks/Carbon.framework/Versions/A/Frameworks/HIToolbox.framework/Versions/A/HIToolbox
0x00000001b23ee000 	/System/Library/Frameworks/QuartzCore.framework/Versions/A/QuartzCore
0x00000001ad485000 	/System/Library/Frameworks/Security.framework/Versions/A/Security
0x00000001bc60d000 	/System/Library/Frameworks/Carbon.framework/Versions/A/Frameworks/SpeechRecognition.framework/Versions/A/SpeechRecognition
0x00000001b27a5000 	/System/Library/PrivateFrameworks/CoreUI.framework/Versions/A/CoreUI
0x00000001acd7e000 	/System/Library/Frameworks/CoreAudio.framework/Versions/A/CoreAudio
0x00000001b201f000 	/System/Library/Frameworks/DiskArbitration.framework/Versions/A/DiskArbitration
0x00000001b79e8000 	/System/Library/PrivateFrameworks/MultitouchSupport.framework/Versions/A/MultitouchSupport
0x00000001af8e4000 	/usr/lib/libenergytrace.dylib
0x00000001ade6e000 	/System/Library/Frameworks/IOKit.framework/Versions/A/IOKit
0x00000001bc9f4000 	/System/Library/Frameworks/CoreServices.framework/Versions/A/CoreServices
0x00000001b29f3000 	/System/Library/PrivateFrameworks/PerformanceAnalysis.framework/Versions/A/PerformanceAnalysis
0x00000001f9fda000 	/System/Library/Frameworks/OpenGL.framework/Versions/A/OpenGL
0x00000001b2ab7000 	/usr/lib/libxml2.2.dylib
0x00000001b5884000 	/System/Library/PrivateFrameworks/MobileKeyBag.framework/Versions/A/MobileKeyBag
0x00000001aa910000 	/usr/lib/libobjc.A.dylib
0x00000001aabc6000 	/usr/lib/libc++.1.dylib
0x00000001b03e4000 	/System/Library/Frameworks/ColorSync.framework/Versions/A/ColorSync
0x00000001aace3000 	/System/Library/Frameworks/CoreFoundation.framework/Versions/A/CoreFoundation
0x00000001b4ad2000 	/System/Library/Frameworks/CoreImage.framework/Versions/A/CoreImage
0x00000001acb9f000 	/System/Library/Frameworks/CoreText.framework/Versions/A/CoreText
0x00000001b4791000 	/System/Library/Frameworks/ImageIO.framework/Versions/A/ImageIO
0x00000001b6322000 	/System/Library/PrivateFrameworks/SoftLinking.framework/Versions/A/SoftLinking
0x00000001b65b6000 	/usr/lib/libcompression.dylib
0x00000001b800c000 	/System/Library/PrivateFrameworks/TextureIO.framework/Versions/A/TextureIO
0x00000001b6cf4000 	/usr/lib/libate.dylib
0x00000001b6316000 	/usr/lib/system/libcache.dylib
0x00000001b62cf000 	/usr/lib/system/libcommonCrypto.dylib
0x00000001b62fd000 	/usr/lib/system/libcompiler_rt.dylib
0x00000001b62f3000 	/usr/lib/system/libcopyfile.dylib
0x00000001aaa44000 	/usr/lib/system/libcorecrypto.dylib
0x00000001aaafa000 	/usr/lib/system/libdispatch.dylib
0x00000001aac8b000 	/usr/lib/system/libdyld.dylib
0x00000001b630c000 	/usr/lib/system/libkeymgr.dylib
0x00000001b62ad000 	/usr/lib/system/libmacho.dylib
0x00000001b597e000 	/usr/lib/system/libquarantine.dylib
0x00000001b6309000 	/usr/lib/system/libremovefile.dylib
0x00000001af94b000 	/usr/lib/system/libsystem_asl.dylib
0x00000001aa9e1000 	/usr/lib/system/libsystem_blocks.dylib
0x00000001aab45000 	/usr/lib/system/libsystem_c.dylib
0x00000001b6301000 	/usr/lib/system/libsystem_collections.dylib
0x00000001b4e9f000 	/usr/lib/system/libsystem_configuration.dylib
0x00000001b3f0f000 	/usr/lib/system/libsystem_containermanager.dylib
0x00000001b5fb5000 	/usr/lib/system/libsystem_coreservices.dylib
0x00000001adae0000 	/usr/lib/system/libsystem_darwin.dylib
0x00000001b630d000 	/usr/lib/system/libsystem_dnssd.dylib
0x00000001aab42000 	/usr/lib/system/libsystem_featureflags.dylib
0x00000001aacb7000 	/usr/lib/system/libsystem_info.dylib
0x00000001b6274000 	/usr/lib/system/libsystem_m.dylib
0x00000001aaace000 	/usr/lib/system/libsystem_malloc.dylib
0x00000001af8cb000 	/usr/lib/system/libsystem_networkextension.dylib
0x00000001adf4a000 	/usr/lib/system/libsystem_notify.dylib
0x00000001b4ea4000 	/usr/lib/system/libsystem_sandbox.dylib
0x00000001b6306000 	/usr/lib/system/libsystem_secinit.dylib
0x00000001aac45000 	/usr/lib/system/libsystem_kernel.dylib
0x00000001aacaf000 	/usr/lib/system/libsystem_platform.dylib
0x00000001aac7e000 	/usr/lib/system/libsystem_pthread.dylib
0x00000001b1120000 	/usr/lib/system/libsystem_symptoms.dylib
0x00000001aaa2a000 	/usr/lib/system/libsystem_trace.dylib
0x00000001b62e0000 	/usr/lib/system/libunwind.dylib
0x00000001aa9e6000 	/usr/lib/system/libxpc.dylib
0x00000001aac2d000 	/usr/lib/libc++abi.dylib
0x00000001b62eb000 	/usr/lib/liboah.dylib
0x00000001b6bb3000 	/usr/lib/liblzma.5.dylib
0x00000001b631e000 	/usr/lib/libfakelink.dylib
0x00000001af509000 	/System/Library/Frameworks/CFNetwork.framework/Versions/A/CFNetwork
0x00000001b645d000 	/usr/lib/libarchive.2.dylib
0x00000001ba94b000 	/System/Library/Frameworks/Combine.framework/Versions/A/Combine
0x00000001b8a0a000 	/usr/lib/swift/libswiftCore.dylib
0x00000001cc297000 	/usr/lib/swift/libswiftCoreFoundation.dylib
0x00000001ca173000 	/usr/lib/swift/libswiftDarwin.dylib
0x00000001bdf0c000 	/usr/lib/swift/libswiftDispatch.dylib
0x00000001cc2b8000 	/usr/lib/swift/libswiftIOKit.dylib
0x00000001c0322000 	/usr/lib/swift/libswiftObjectiveC.dylib
0x00000001cc2ab000 	/usr/lib/swift/libswiftXPC.dylib
0x000000023435d000 	/usr/lib/swift/libswift_Concurrency.dylib
0x00000002344af000 	/usr/lib/swift/libswift_StringProcessing.dylib
0x00000001c0326000 	/usr/lib/swift/libswiftos.dylib
0x00000001addf3000 	/System/Library/PrivateFrameworks/CoreServicesInternal.framework/Versions/A/CoreServicesInternal
0x00000001b59a9000 	/usr/lib/libbsm.0.dylib
0x00000001b62b3000 	/usr/lib/system/libkxld.dylib
0x00000001b2a2f000 	/System/Library/Frameworks/CoreServices.framework/Versions/A/Frameworks/FSEvents.framework/Versions/A/FSEvents
0x00000001adaeb000 	/System/Library/Frameworks/CoreServices.framework/Versions/A/Frameworks/CarbonCore.framework/Versions/A/CarbonCore
0x00000001b1f86000 	/System/Library/Frameworks/CoreServices.framework/Versions/A/Frameworks/Metadata.framework/Versions/A/Metadata
0x00000001b5fbb000 	/System/Library/Frameworks/CoreServices.framework/Versions/A/Frameworks/OSServices.framework/Versions/A/OSServices
0x00000001b64e4000 	/System/Library/Frameworks/CoreServices.framework/Versions/A/Frameworks/SearchKit.framework/Versions/A/SearchKit
0x00000001b10a3000 	/System/Library/Frameworks/CoreServices.framework/Versions/A/Frameworks/AE.framework/Versions/A/AE
0x00000001ab1bb000 	/System/Library/Frameworks/CoreServices.framework/Versions/A/Frameworks/LaunchServices.framework/Versions/A/LaunchServices
0x00000001b6b5c000 	/System/Library/Frameworks/CoreServices.framework/Versions/A/Frameworks/DictionaryServices.framework/Versions/A/DictionaryServices
0x00000001b2a3c000 	/System/Library/Frameworks/CoreServices.framework/Versions/A/Frameworks/SharedFileList.framework/Versions/A/SharedFileList
0x00000001b6583000 	/usr/lib/libapple_nghttp2.dylib
0x00000001af505000 	/usr/lib/libnetwork.dylib
0x00000001b0d27000 	/usr/lib/libsqlite3.dylib
0x00000001b1129000 	/System/Library/Frameworks/Network.framework/Versions/A/Network
0x00000002334af000 	/usr/lib/libCoreEntitlements.dylib
0x000000021ff8a000 	/System/Library/PrivateFrameworks/MessageSecurity.framework/Versions/A/MessageSecurity
0x00000001b0d0d000 	/System/Library/PrivateFrameworks/ProtocolBuffer.framework/Versions/A/ProtocolBuffer
0x00000001b5f97000 	/System/Library/PrivateFrameworks/AppleFSCompression.framework/Versions/A/AppleFSCompression
0x00000001b5991000 	/usr/lib/libcoretls.dylib
0x00000001b6bcc000 	/usr/lib/libcoretls_cfhelpers.dylib
0x00000001b65b0000 	/usr/lib/libpam.2.dylib
0x00000001b6c32000 	/usr/lib/libxar.1.dylib
0x00000001b6ffd000 	/usr/lib/libheimdal-asn1.dylib
0x00000001b6323000 	/usr/lib/libpcap.A.dylib
0x00000001b1116000 	/usr/lib/libdns_services.dylib
0x00000001b4eac000 	/System/Library/PrivateFrameworks/AppleSystemInfo.framework/Versions/A/AppleSystemInfo
0x00000001b5685000 	/System/Library/PrivateFrameworks/IOMobileFramebuffer.framework/Versions/A/IOMobileFramebuffer
0x00000001b5fa8000 	/usr/lib/libbz2.1.0.dylib
0x00000001b5981000 	/usr/lib/libCheckFix.dylib
0x00000001af963000 	/System/Library/PrivateFrameworks/TCC.framework/Versions/A/TCC
0x00000001b4eb2000 	/System/Library/PrivateFrameworks/CoreNLP.framework/Versions/A/CoreNLP
0x00000001b1f45000 	/System/Library/PrivateFrameworks/MetadataUtilities.framework/Versions/A/MetadataUtilities
0x00000001b59ba000 	/usr/lib/libmecab.dylib
0x00000001ab963000 	/usr/lib/libCRFSuite.dylib
0x00000001b5a17000 	/usr/lib/libgermantok.dylib
0x00000001b655c000 	/usr/lib/libThaiTokenizer.dylib
0x00000001b2028000 	/System/Library/Frameworks/Accelerate.framework/Versions/A/Frameworks/vImage.framework/Versions/A/vImage
0x00000001bc9cb000 	/System/Library/Frameworks/Accelerate.framework/Versions/A/Frameworks/vecLib.framework/Versions/A/vecLib
0x00000001b6c78000 	/System/Library/Frameworks/Accelerate.framework/Versions/A/Frameworks/vecLib.framework/Versions/A/libvMisc.dylib
0x00000001b5585000 	/System/Library/Frameworks/Accelerate.framework/Versions/A/Frameworks/vecLib.framework/Versions/A/libvDSP.dylib
0x00000001ab56f000 	/System/Library/Frameworks/Accelerate.framework/Versions/A/Frameworks/vecLib.framework/Versions/A/libBLAS.dylib
0x00000001b6688000 	/System/Library/Frameworks/Accelerate.framework/Versions/A/Frameworks/vecLib.framework/Versions/A/libLAPACK.dylib
0x00000001b5a1a000 	/System/Library/Frameworks/Accelerate.framework/Versions/A/Frameworks/vecLib.framework/Versions/A/libLinearAlgebra.dylib
0x00000001b659b000 	/System/Library/Frameworks/Accelerate.framework/Versions/A/Frameworks/vecLib.framework/Versions/A/libSparseBLAS.dylib
0x00000001b6683000 	/System/Library/Frameworks/Accelerate.framework/Versions/A/Frameworks/vecLib.framework/Versions/A/libQuadrature.dylib
0x00000001b4fab000 	/System/Library/Frameworks/Accelerate.framework/Versions/A/Frameworks/vecLib.framework/Versions/A/libBNNS.dylib
0x00000001ab872000 	/System/Library/Frameworks/Accelerate.framework/Versions/A/Frameworks/vecLib.framework/Versions/A/libSparse.dylib
0x000000021f2c0000 	/System/Library/PrivateFrameworks/MIL.framework/Versions/A/MIL
0x00000001b6358000 	/usr/lib/libiconv.2.dylib
0x00000001b62ac000 	/usr/lib/libcharset.1.dylib
0x00000001b2a0f000 	/System/Library/Frameworks/OpenDirectory.framework/Versions/A/Frameworks/CFOpenDirectory.framework/Versions/A/CFOpenDirectory
0x00000001b29ff000 	/System/Library/Frameworks/OpenDirectory.framework/Versions/A/OpenDirectory
0x00000001b6bce000 	/System/Library/PrivateFrameworks/APFS.framework/Versions/A/APFS
0x00000001b58bb000 	/System/Library/Frameworks/SecurityFoundation.framework/Versions/A/SecurityFoundation
0x00000001b6c41000 	/usr/lib/libutil.dylib
0x000000021e341000 	/System/Library/PrivateFrameworks/InstalledContentLibrary.framework/Versions/A/InstalledContentLibrary
0x00000001ade31000 	/System/Library/PrivateFrameworks/CoreServicesStore.framework/Versions/A/CoreServicesStore
0x0000000215377000 	/System/Library/PrivateFrameworks/AppleMobileFileIntegrity.framework/Versions/A/AppleMobileFileIntegrity
0x00000001cc276000 	/usr/lib/libmis.dylib
0x00000001da19b000 	/System/Library/PrivateFrameworks/MobileSystemServices.framework/Versions/A/MobileSystemServices
0x00000001f48e0000 	/System/Library/PrivateFrameworks/ConfigProfileHelper.framework/Versions/A/ConfigProfileHelper
0x00000001b655e000 	/System/Library/PrivateFrameworks/AppleSauce.framework/Versions/A/AppleSauce
0x00000001ac648000 	/System/Library/PrivateFrameworks/LanguageModeling.framework/Versions/A/LanguageModeling
0x00000001b6c45000 	/usr/lib/libxslt.1.dylib
0x00000001b644b000 	/usr/lib/libcmph.dylib
0x00000001b5672000 	/System/Library/PrivateFrameworks/CoreEmoji.framework/Versions/A/CoreEmoji
0x00000001b4fa5000 	/System/Library/PrivateFrameworks/LinguisticData.framework/Versions/A/LinguisticData
0x00000001ab82a000 	/System/Library/PrivateFrameworks/Lexicon.framework/Versions/A/Lexicon
0x00000001b594e000 	/System/Library/PrivateFrameworks/BackgroundTaskManagement.framework/Versions/A/BackgroundTaskManagement
0x000000023364e000 	/usr/lib/libTLE.dylib
0x00000002343fa000 	/usr/lib/swift/libswift_RegexParser.dylib
0x00000001b78ad000 	/System/Library/PrivateFrameworks/AppleJPEG.framework/Versions/A/AppleJPEG
0x00000001b6fe2000 	/usr/lib/libexpat.1.dylib
0x00000001b7e6e000 	/System/Library/Frameworks/ImageIO.framework/Versions/A/Resources/libPng.dylib
0x00000001b7e99000 	/System/Library/Frameworks/ImageIO.framework/Versions/A/Resources/libTIFF.dylib
0x00000001b7f82000 	/System/Library/Frameworks/ImageIO.framework/Versions/A/Resources/libGIF.dylib
0x00000001b78f2000 	/System/Library/Frameworks/ImageIO.framework/Versions/A/Resources/libJP2.dylib
0x00000001b7f26000 	/System/Library/Frameworks/ImageIO.framework/Versions/A/Resources/libJPEG.dylib
0x00000001b7f1d000 	/System/Library/Frameworks/ImageIO.framework/Versions/A/Resources/libRadiance.dylib
0x00000001b428f000 	/System/Library/PrivateFrameworks/FontServices.framework/libFontParser.dylib
0x00000001b1045000 	/System/Library/PrivateFrameworks/RunningBoardServices.framework/Versions/A/RunningBoardServices
0x00000001c2852000 	/System/Library/PrivateFrameworks/IOSurfaceAccelerator.framework/Versions/A/IOSurfaceAccelerator
0x00000001b79e4000 	/System/Library/PrivateFrameworks/WatchdogClient.framework/Versions/A/WatchdogClient
0x00000001ac7c1000 	/System/Library/Frameworks/CoreDisplay.framework/Versions/A/CoreDisplay
0x00000001b4169000 	/System/Library/Frameworks/CoreMedia.framework/Versions/A/CoreMedia
0x00000001b3f57000 	/System/Library/PrivateFrameworks/IOAccelerator.framework/Versions/A/IOAccelerator
0x00000001b2ba0000 	/System/Library/Frameworks/CoreVideo.framework/Versions/A/CoreVideo
0x00000001b65ae000 	/System/Library/Frameworks/MetalPerformanceShaders.framework/Versions/A/MetalPerformanceShaders
0x00000001b7a23000 	/System/Library/Frameworks/VideoToolbox.framework/Versions/A/VideoToolbox
0x00000001b0f88000 	/System/Library/PrivateFrameworks/BaseBoard.framework/Versions/A/BaseBoard
0x00000001b7f18000 	/System/Library/PrivateFrameworks/GPUWrangler.framework/Versions/A/GPUWrangler
0x00000001b7ef8000 	/System/Library/PrivateFrameworks/IOPresentment.framework/Versions/A/IOPresentment
0x00000001b7f20000 	/System/Library/PrivateFrameworks/DSExternalDisplay.framework/Versions/A/DSExternalDisplay
0x000000021ab1b000 	/System/Library/PrivateFrameworks/GPUCompiler.framework/Versions/31001/Libraries/libllvm-flatbuffers.dylib
0x00000001f9fcd000 	/System/Library/Frameworks/OpenGL.framework/Versions/A/Libraries/libCoreFSCache.dylib
0x000000021ab17000 	/System/Library/PrivateFrameworks/GPUCompiler.framework/Versions/31001/Libraries/libGPUCompilerUtils.dylib
0x00000001b7f88000 	/System/Library/PrivateFrameworks/CMCaptureCore.framework/Versions/A/CMCaptureCore
0x000000020f5b6000 	/System/Library/Frameworks/ExtensionFoundation.framework/Versions/A/ExtensionFoundation
0x00000001be6b3000 	/System/Library/PrivateFrameworks/CoreTime.framework/Versions/A/CoreTime
0x00000001b759f000 	/System/Library/PrivateFrameworks/AppServerSupport.framework/Versions/A/AppServerSupport
0x00000001b9922000 	/System/Library/PrivateFrameworks/perfdata.framework/Versions/A/perfdata
0x00000001ac8e1000 	/System/Library/PrivateFrameworks/AudioToolboxCore.framework/Versions/A/AudioToolboxCore
0x00000001b413f000 	/System/Library/PrivateFrameworks/caulk.framework/Versions/A/caulk
0x00000001b91df000 	/usr/lib/libAudioStatistics.dylib
0x00000001cb6b0000 	/System/Library/PrivateFrameworks/SystemPolicy.framework/Versions/A/SystemPolicy
0x00000001b9481000 	/usr/lib/libSMC.dylib
0x00000001c1ff6000 	/System/Library/Frameworks/CoreMIDI.framework/Versions/A/CoreMIDI
0x00000001b7e3b000 	/usr/lib/libAudioToolboxUtility.dylib
0x00000001c7433000 	/System/Library/PrivateFrameworks/OSAServicesClient.framework/Versions/A/OSAServicesClient
0x00000001b992f000 	/usr/lib/libperfcheck.dylib
0x00000001b6ecd000 	/System/Library/PrivateFrameworks/PlugInKit.framework/Versions/A/PlugInKit
0x00000001b58ad000 	/System/Library/PrivateFrameworks/AssertionServices.framework/Versions/A/AssertionServices
0x00000001fa02f000 	/System/Library/Frameworks/OpenGL.framework/Versions/A/Libraries/libGLU.dylib
0x00000001f9fee000 	/System/Library/Frameworks/OpenGL.framework/Versions/A/Libraries/libGFXShared.dylib
0x00000001fa1d5000 	/System/Library/Frameworks/OpenGL.framework/Versions/A/Libraries/libGL.dylib
0x00000001f9ff7000 	/System/Library/Frameworks/OpenGL.framework/Versions/A/Libraries/libGLImage.dylib
0x00000001f9feb000 	/System/Library/Frameworks/OpenGL.framework/Versions/A/Libraries/libCVMSPluginSupport.dylib
0x000000023362d000 	/usr/lib/libRosetta.dylib
0x00000001f9fd4000 	/System/Library/Frameworks/OpenGL.framework/Versions/A/Libraries/libCoreVMClient.dylib
0x00000001b4e24000 	/System/Library/Frameworks/MetalPerformanceShaders.framework/Versions/A/Frameworks/MPSCore.framework/Versions/A/MPSCore
0x00000001b5f0d000 	/System/Library/Frameworks/MetalPerformanceShaders.framework/Versions/A/Frameworks/MPSImage.framework/Versions/A/MPSImage
0x00000001b5a2f000 	/System/Library/Frameworks/MetalPerformanceShaders.framework/Versions/A/Frameworks/MPSNeuralNetwork.framework/Versions/A/MPSNeuralNetwork
0x00000001b5e1b000 	/System/Library/Frameworks/MetalPerformanceShaders.framework/Versions/A/Frameworks/MPSMatrix.framework/Versions/A/MPSMatrix
0x00000001b5c2d000 	/System/Library/Frameworks/MetalPerformanceShaders.framework/Versions/A/Frameworks/MPSRayIntersector.framework/Versions/A/MPSRayIntersector
0x00000001b5e49000 	/System/Library/Frameworks/MetalPerformanceShaders.framework/Versions/A/Frameworks/MPSNDArray.framework/Versions/A/MPSNDArray
0x0000000210984000 	/System/Library/Frameworks/MetalPerformanceShaders.framework/Versions/A/Frameworks/MPSFunctions.framework/Versions/A/MPSFunctions
0x00000001ab435000 	/System/Library/PrivateFrameworks/MetalTools.framework/Versions/A/MetalTools
0x00000001b4eaa000 	/System/Library/PrivateFrameworks/AggregateDictionary.framework/Versions/A/AggregateDictionary
0x00000001b6d86000 	/usr/lib/libIOReport.dylib
0x00000001c11e6000 	/System/Library/PrivateFrameworks/ASEProcessing.framework/Versions/A/ASEProcessing
0x00000001b713d000 	/System/Library/PrivateFrameworks/GraphVisualizer.framework/Versions/A/GraphVisualizer
0x000000021aa28000 	/System/Library/PrivateFrameworks/FontServices.framework/Versions/A/FontServices
0x00000001b755d000 	/System/Library/PrivateFrameworks/OTSVG.framework/Versions/A/OTSVG
0x00000001b2753000 	/System/Library/Frameworks/ApplicationServices.framework/Versions/A/Frameworks/ATS.framework/Versions/A/Resources/libFontRegistry.dylib
0x00000001b75a9000 	/System/Library/PrivateFrameworks/FontServices.framework/libhvf.dylib
0x000000021aa29000 	/System/Library/PrivateFrameworks/FontServices.framework/libXTFontStaticRegistryData.dylib
0x000000022c846000 	/System/Library/PrivateFrameworks/VideoToolboxParavirtualizationSupport.framework/Versions/A/VideoToolboxParavirtualizationSupport
0x00000001b6f96000 	/System/Library/PrivateFrameworks/AppleVA.framework/Versions/A/AppleVA
0x00000001b921f000 	/System/Library/Frameworks/ApplicationServices.framework/Versions/A/Frameworks/ATS.framework/Versions/A/ATS
0x00000001b04d7000 	/System/Library/Frameworks/ApplicationServices.framework/Versions/A/Frameworks/HIServices.framework/Versions/A/HIServices
0x00000001b7f94000 	/System/Library/Frameworks/ApplicationServices.framework/Versions/A/Frameworks/PrintCore.framework/Versions/A/PrintCore
0x00000001b95da000 	/System/Library/Frameworks/ApplicationServices.framework/Versions/A/Frameworks/QD.framework/Versions/A/QD
0x00000001b95ce000 	/System/Library/Frameworks/ApplicationServices.framework/Versions/A/Frameworks/ColorSyncLegacy.framework/Versions/A/ColorSyncLegacy
0x00000001b91f3000 	/System/Library/Frameworks/ApplicationServices.framework/Versions/A/Frameworks/SpeechSynthesis.framework/Versions/A/SpeechSynthesis
0x00000001b7f52000 	/System/Library/Frameworks/ApplicationServices.framework/Versions/A/Frameworks/ATSUI.framework/Versions/A/ATSUI
0x00000001b9561000 	/usr/lib/libcups.2.dylib
0x00000001b993d000 	/System/Library/Frameworks/Kerberos.framework/Versions/A/Kerberos
0x00000001b994e000 	/System/Library/Frameworks/GSS.framework/Versions/A/GSS
0x00000001b9291000 	/usr/lib/libresolv.9.dylib
0x00000001b75b9000 	/System/Library/PrivateFrameworks/Heimdal.framework/Versions/A/Heimdal
0x00000001c02a4000 	/System/Library/Frameworks/Kerberos.framework/Versions/A/Libraries/libHeimdalProxy.dylib
0x00000001b999e000 	/System/Library/PrivateFrameworks/CommonAuth.framework/Versions/A/CommonAuth
0x000000020e7f0000 	/System/Library/Frameworks/AVFAudio.framework/Versions/A/AVFAudio
0x00000001c7482000 	/System/Library/PrivateFrameworks/AXCoreUtilities.framework/Versions/A/AXCoreUtilities
0x00000001b916b000 	/System/Library/PrivateFrameworks/AudioSession.framework/Versions/A/AudioSession
0x00000001ba702000 	/System/Library/Frameworks/IOBluetooth.framework/Versions/A/IOBluetooth
0x00000001b7097000 	/System/Library/PrivateFrameworks/MediaExperience.framework/Versions/A/MediaExperience
0x00000001b9006000 	/System/Library/PrivateFrameworks/AudioSession.framework/libSessionUtility.dylib
0x00000001b95e6000 	/System/Library/PrivateFrameworks/AudioResourceArbitration.framework/Versions/A/AudioResourceArbitration
0x00000001bd5e3000 	/System/Library/PrivateFrameworks/PowerLog.framework/Versions/A/PowerLog
0x00000001bd525000 	/System/Library/Frameworks/CoreBluetooth.framework/Versions/A/CoreBluetooth
0x00000001c02a5000 	/System/Library/Frameworks/AudioUnit.framework/Versions/A/AudioUnit
0x00000001b5710000 	/System/Library/PrivateFrameworks/CoreUtils.framework/Versions/A/CoreUtils
0x000000021942d000 	/System/Library/PrivateFrameworks/CoreUtilsExtras.framework/Versions/A/CoreUtilsExtras
0x000000021e1df000 	/System/Library/PrivateFrameworks/IO80211.framework/Versions/A/IO80211
0x00000001b7007000 	/System/Library/PrivateFrameworks/IconFoundation.framework/Versions/A/IconFoundation
0x00000001bc5f9000 	/System/Library/PrivateFrameworks/SpeechRecognitionCore.framework/Versions/A/SpeechRecognitionCore
0x00000001030f4000 	/Users/seedoilz/Library/Java/JavaVirtualMachines/azul-1.8.0_352/Contents/Home/jre/lib/server/libjvm.dylib
0x00000001023b4000 	/Users/seedoilz/Library/Java/JavaVirtualMachines/azul-1.8.0_352/Contents/Home/jre/lib/libverify.dylib
0x0000000102478000 	/Users/seedoilz/Library/Java/JavaVirtualMachines/azul-1.8.0_352/Contents/Home/jre/lib/libjava.dylib
0x00000001024c4000 	/Users/seedoilz/Library/Java/JavaVirtualMachines/azul-1.8.0_352/Contents/Home/jre/lib/libinstrument.dylib
0x0000000102514000 	/Users/seedoilz/Library/Java/JavaVirtualMachines/azul-1.8.0_352/Contents/Home/jre/lib/libzip.dylib
0x0000000117568000 	/Users/seedoilz/Library/Java/JavaVirtualMachines/azul-1.8.0_352/Contents/Home/jre/lib/libnio.dylib
0x00000001175b8000 	/Users/seedoilz/Library/Java/JavaVirtualMachines/azul-1.8.0_352/Contents/Home/jre/lib/libnet.dylib
0x0000000117544000 	/Users/seedoilz/.javacpp/cache/javacpp-1.5.7-macosx-arm64.jar/org/bytedeco/javacpp/macosx-arm64/libjnijavacpp.dylib
0x000000011cd24000 	/Users/seedoilz/.javacpp/cache/llvm-13.0.1-1.5.7-macosx-arm64.jar/org/bytedeco/llvm/macosx-arm64/libLLVM.dylib
0x00000001ec7dd000 	/usr/lib/libedit.3.dylib
0x00000001d018b000 	/usr/lib/libncurses.5.4.dylib
0x00000001175e4000 	/Users/seedoilz/.javacpp/cache/llvm-13.0.1-1.5.7-macosx-arm64.jar/org/bytedeco/llvm/macosx-arm64/libLTO.dylib
0x00000001030e4000 	/Users/seedoilz/.javacpp/cache/llvm-13.0.1-1.5.7-macosx-arm64.jar/org/bytedeco/llvm/macosx-arm64/libRemarks.dylib
0x0000000117714000 	/Users/seedoilz/.javacpp/cache/llvm-13.0.1-1.5.7-macosx-arm64.jar/org/bytedeco/llvm/macosx-arm64/libjniLLVM.dylib

VM Arguments:
jvm_args: -javaagent:/Applications/IntelliJ IDEA.app/Contents/lib/idea_rt.jar=54516:/Applications/IntelliJ IDEA.app/Contents/bin -Dfile.encoding=UTF-8 
java_command: Main /Users/seedoilz/Codes/Lab/src/a.txt /Users/seedoilz/Codes/Lab/test.ll
java_class_path (initial): /Users/seedoilz/Library/Java/JavaVirtualMachines/azul-1.8.0_352/Contents/Home/jre/lib/cat.jar:/Users/seedoilz/Library/Java/JavaVirtualMachines/azul-1.8.0_352/Contents/Home/jre/lib/charsets.jar:/Users/seedoilz/Library/Java/JavaVirtualMachines/azul-1.8.0_352/Contents/Home/jre/lib/ext/cldrdata.jar:/Users/seedoilz/Library/Java/JavaVirtualMachines/azul-1.8.0_352/Contents/Home/jre/lib/ext/crs-agent.jar:/Users/seedoilz/Library/Java/JavaVirtualMachines/azul-1.8.0_352/Contents/Home/jre/lib/ext/dnsns.jar:/Users/seedoilz/Library/Java/JavaVirtualMachines/azul-1.8.0_352/Contents/Home/jre/lib/ext/jaccess.jar:/Users/seedoilz/Library/Java/JavaVirtualMachines/azul-1.8.0_352/Contents/Home/jre/lib/ext/legacy8ujsse.jar:/Users/seedoilz/Library/Java/JavaVirtualMachines/azul-1.8.0_352/Contents/Home/jre/lib/ext/localedata.jar:/Users/seedoilz/Library/Java/JavaVirtualMachines/azul-1.8.0_352/Contents/Home/jre/lib/ext/nashorn.jar:/Users/seedoilz/Library/Java/JavaVirtualMachines/azul-1.8.0_352/Contents/Home/jre/lib/ext/openjsse.jar:/Users/seedoilz/Library/Java/JavaVirtualMachines/azul-1.8.0_352/Contents/Home/jre/lib/ext/sunec.jar:/Users/seedoilz/Library/Java/JavaVirtualMachines/azul-1.8.0_352/Contents/Home/jre/lib/ext/sunjce_provider.jar:/Users/seedoilz/Library/Java/JavaVirtualMachines/azul-1.8.0_352/Contents/Home/jre/lib/ext/sunpkcs11.jar:/Users/seedoilz/Library/Java/JavaVirtualMachines/azul-1.8.0_352/Contents/Home/jre/lib/ext/zipfs.jar:/Users/seedoilz/Library/Java/JavaVirtualMachines/azul-1.8.0_352/Contents/Home/jre/lib/jce.jar:/Users/seedoilz/Library/Java/JavaVirtualMachines/azul-1.8.0_352/Contents/Home/jre/lib/jfr.jar:/Users/seedoilz/Library/Java/JavaVirtualMachines/azul-1.8.0_352/Contents/Home/jre/lib/jsse.jar:/Users/seedoilz/Library/Java/JavaVirtualMachines/azul-1.8.0_352/Contents/Home/jre/lib/management-agent.jar:/Users/seedoilz/Library/Java/JavaVirtualMachines/azul-1.8.0_352/Contents/Home/jre/lib/resources.jar:/Users/seedoilz/Library/Java/JavaVirtualMachines
Launcher Type: SUN_STANDARD

Environment Variables:
PATH=/opt/homebrew/opt/llvm/bin:/opt/homebrew/anaconda3/bin:/opt/homebrew/anaconda3/condabin:/Library/Frameworks/Python.framework/Versions/3.6/bin:/Library/Frameworks/Python.framework/Versions/3.10/bin:/opt/homebrew/bin:/opt/homebrew/sbin:/usr/local/bin:/System/Cryptexes/App/usr/bin:/usr/bin:/bin:/usr/sbin:/sbin:/Applications/VMware Fusion.app/Contents/Public:/Library/Apple/usr/bin
SHELL=/bin/zsh

Signal Handlers:
SIGSEGV: [libjvm.dylib+0x567968], sa_mask[0]=11111111011111110111111111111111, sa_flags=SA_ONSTACK|SA_RESTART|SA_SIGINFO
SIGBUS: [libjvm.dylib+0x567968], sa_mask[0]=11111111011111110111111111111111, sa_flags=SA_RESTART|SA_SIGINFO
SIGFPE: [libjvm.dylib+0x4608ac], sa_mask[0]=11111111011111110111111111111111, sa_flags=SA_RESTART|SA_SIGINFO
SIGPIPE: [libjvm.dylib+0x4608ac], sa_mask[0]=11111111011111110111111111111111, sa_flags=SA_RESTART|SA_SIGINFO
SIGXFSZ: [libjvm.dylib+0x4608ac], sa_mask[0]=11111111011111110111111111111111, sa_flags=SA_RESTART|SA_SIGINFO
SIGILL: [libjvm.dylib+0x4608ac], sa_mask[0]=11111111011111110111111111111111, sa_flags=SA_RESTART|SA_SIGINFO
SIGUSR1: SIG_DFL, sa_mask[0]=00000000000000000000000000000000, sa_flags=none
SIGUSR2: [libjvm.dylib+0x4611d0], sa_mask[0]=00100000000000000000000000000000, sa_flags=SA_RESTART|SA_SIGINFO
SIGHUP: [libjvm.dylib+0x45f158], sa_mask[0]=11111111011111110111111111111111, sa_flags=SA_RESTART|SA_SIGINFO
SIGINT: [libjvm.dylib+0x45f158], sa_mask[0]=11111111011111110111111111111111, sa_flags=SA_RESTART|SA_SIGINFO
SIGTERM: [libjvm.dylib+0x45f158], sa_mask[0]=11111111011111110111111111111111, sa_flags=SA_RESTART|SA_SIGINFO
SIGQUIT: [libjvm.dylib+0x45f158], sa_mask[0]=11111111011111110111111111111111, sa_flags=SA_RESTART|SA_SIGINFO


---------------  S Y S T E M  ---------------

OS:Bsduname:Darwin 22.2.0 Darwin Kernel Version 22.2.0: Fri Nov 11 02:04:44 PST 2022; root:xnu-8792.61.2~4/RELEASE_ARM64_T8103 arm64
rlimit: STACK 8176k, CORE 0k, NPROC 2666, NOFILE 10240, AS infinity
load average:2.31 2.12 2.14

CPU:total 8 (initial active 8) 0x61:0x0:0x1b588bb3:0, simd, crc, lse

Memory: 16k page, physical 16777216k(201872k free)

/proc/meminfo:


vm_info: OpenJDK 64-Bit Server VM (25.352-b08) for bsd-aarch64 JRE (Zulu 8.66.0.15-CA-macos-aarch64) (1.8.0_352-b08), built on Oct  9 2022 02:37:41 by "zulu_re" with gcc Apple LLVM 12.0.0 (clang-1200.0.32.28)

time: Thu Jan  5 12:55:52 2023
timezone: CST
elapsed time: 0.239745 seconds (0d 0h 0m 0s)

